INFO:root:Student : 150119674 ABBAS KUTAY added.
INFO:root:Student : 150115061 ABBAS G÷KTU– YILMAZ added.
INFO:root:Student : 150115856 ABDUL KER›M BOYACI added.
INFO:root:Student : 150119598 ABDULHAL›K ﬁENS›N added.
INFO:root:Student : 150117059 ABDULLAH CANSIZ added.
INFO:root:Student : 150118036 ABDULLAH EMRE AYDEM›R added.
INFO:root:Student : 150115065 ABD‹LKAD›R ASLAN added.
INFO:root:Student : 150119778 AHMAD ASAAD added.
INFO:root:Student : 150118018 AHMED HAM› ORAK added.
INFO:root:Student : 150118038 AHMET AKIL added.
INFO:root:Student : 150119702 AHMET GEZM›ﬁO–LU added.
INFO:root:Student : 150117018 AHMET ÷NKOL added.
INFO:root:Student : 150117046 AHMET TURGUT added.
INFO:root:Student : 150118508 AHMET «A–RI HODO–LUG›L added.
INFO:root:Student : 150116024 AHMET ELBURUZ G‹RB‹Z added.
INFO:root:Student : 150117056 AHMET EM›RHAN BAKKAL added.
INFO:root:Student : 150117031 AHMET FARUK YILMAZ added.
INFO:root:Student : 150119660 AHMET FAT›H Y‹KSEL added.
INFO:root:Student : 150119522 AHMET FAZIL EM›R added.
INFO:root:Student : 150117060 AHMET HAKAN ﬁ›MﬁEK added.
INFO:root:Student : 150116025 AHMET HAMZA DEM›R added.
INFO:root:Student : 150119609 AHMET HARUN TOKYER added.
INFO:root:Student : 150119842 AHMET KEREM AKPINAR added.
INFO:root:Student : 150118054 AHMET ONAT ÷ZALAN added.
INFO:root:Student : 150119722 AHMET TAYY›B MENG‹« added.
INFO:root:Student : 150119870 ALI REZA IBRAHIMZADA added.
INFO:root:Student : 150119606 AL› «ET›NKAYA added.
INFO:root:Student : 150115029 AL› ANIL REYHAN added.
INFO:root:Student : 150119554 AL› BATUHAN YAMANARSLAN added.
INFO:root:Student : 150114043 AL› BEYTULLAH ÷ZKAN added.
INFO:root:Student : 150117040 AL› ONUR ASLAN added.
INFO:root:Student : 150116057 ALPARSLAN K÷PR‹L‹ added.
INFO:root:Student : 150119746 ALPER DOKAY added.
INFO:root:Student : 150117035 ALPEREN K÷KER added.
INFO:root:Student : 150119608 ALPEREN KA–AN KARA added.
INFO:root:Student : 150119562 AMELA KARMAJ added.
INFO:root:Student : 150117023 ANIL ﬁENAY added.
INFO:root:Student : 150117006 ARDA Y›–›T KAYNAR added.
INFO:root:Student : 150119678 ASAF TALHA G‹LTEK›N added.
INFO:root:Student : 150119688 ASEM OKBY added.
INFO:root:Student : 150119640 AYBERK ÷MER ALTUNTABAK added.
INFO:root:Student : 150119752 AY«A ›D›L KAYA added.
INFO:root:Student : 150118981 AYDIN DUYGU added.
INFO:root:Student : 150115854 AYKUT BAﬁY›–›T added.
INFO:root:Student : 150117026 AYﬁENUR KARAHASAN added.
INFO:root:Student : 150116038 BERAN EGE ﬁENOL added.
INFO:root:Student : 150117014 BERK ENG›N added.
INFO:root:Student : 150117052 BERK YILDIZ added.
INFO:root:Student : 150117003 BERKAY DEN›Z added.
INFO:root:Student : 150119577 BERKE ﬁAH›N added.
INFO:root:Student : 150117034 BERRA MERCAN added.
INFO:root:Student : 150117030 BEYZA AYDO–AN added.
INFO:root:Student : 150119630 B›LAL TAN added.
INFO:root:Student : 150117072 B›LGEHAN GE«›C› added.
INFO:root:Student : 150119596 BURAK F›DAN added.
INFO:root:Student : 150117058 B‹ﬁRA A–DACI added.
INFO:root:Student : 150119819 B‹ﬁRA B÷REKC› G‹RLER added.
INFO:root:Student : 150119886 CAFER SADIK Y‹KSELO–LU added.
INFO:root:Student : 150118004 CAN KARATEPE added.
INFO:root:Student : 150117021 CENK KAAN KANAR added.
INFO:root:Student : 150113030 «A–ATAY USLU added.
INFO:root:Student : 150119686 DIALA JASSEM MOHAMMAD BADER JUBEH DIALA JASSEM MOHAMMAD BADER JUBEH added.
INFO:root:Student : 150112034 DUYGU YAS›NO–LU added.
INFO:root:Student : 150119728 ECEM «EﬁMEC›LER added.
INFO:root:Student : 150117007 EDANUR ÷ZT‹RK added.
INFO:root:Student : 150117017 EFE BERKE ERKESK›N added.
INFO:root:Student : 150117510 EL›F G÷KPINAR added.
INFO:root:Student : 150119524 EM›N KA–AN KADIO–LU added.
INFO:root:Student : 150119601 EM›N SAFA TOK added.
INFO:root:Student : 150119672 EM›R BU–RA KILI« added.
INFO:root:Student : 150119900 EMRE OKUL added.
INFO:root:Student : 150116034 ENES GAR›P added.
INFO:root:Student : 150118501 ENG›N BEKTAﬁ added.
INFO:root:Student : 150118510 ERDEM A«ILDI added.
INFO:root:Student : 150117043 ERDEM A–CA added.
INFO:root:Student : 150117905 ERHAN YALNIZ added.
INFO:root:Student : 150115841 ERMAN KUNDAKCIO–LU added.
INFO:root:Student : 150119529 ESRAA ISMAIL TAHA TURKY ESRAA ISMAIL TAHA TURKY added.
INFO:root:Student : 150117009 EYMEN TOP«UO–LU added.
INFO:root:Student : 150119903 EY‹P ÷ZKUL added.
INFO:root:Student : 150117042 EZG› DO–RUER added.
INFO:root:Student : 150119544 FAROUK TIJJANI MOHAMMED DERIBE added.
INFO:root:Student : 150117032 FAT›H AKG‹ND‹Z added.
INFO:root:Student : 150117048 FAT›H BAﬁ added.
INFO:root:Student : 150118034 FAT›H EM›N ÷GE added.
INFO:root:Student : 150115028 FAT›H MURAT KARAKAYA added.
INFO:root:Student : 150117033 FEYZA NUR BULGURCU added.
INFO:root:Student : 150119605 FURKAN AKMAN added.
INFO:root:Student : 150118013 G÷KBERK «EL›KMASAT added.
INFO:root:Student : 150117004 G‹NEﬁ Y‹ZAK added.
INFO:root:Student : 150119620 HAFSA ULUSAL added.
INFO:root:Student : 150116031 HAKAN ÷ZER added.
INFO:root:Student : 150119820 HAL›L DEM›R added.
INFO:root:Student : 150117019 HAMZA T‹RKMEN added.
INFO:root:Student : 150119626 HARUN SARI added.
INFO:root:Student : 150118882 HASANCAN ÷ZEN added.
INFO:root:Student : 150119593 HAYRULLAH «A–IL added.
INFO:root:Student : 150119561 HAYTHAM ABDEL GHANI ABDEL NABI added.
INFO:root:Student : 150119700 HUZEYFE AYAZ added.
INFO:root:Student : 150119662 H‹SEY›N DEM›R added.
INFO:root:Student : 150118072 ›NSAF ÷ZGE BERKTAﬁ added.
INFO:root:Student : 150115034 ›REM SAYG›N added.
INFO:root:Student : 150116036 ›SMA›L ERTAN SARIHAN added.
INFO:root:Student : 150117061 ›SRA NUR ALPEREN added.
INFO:root:Student : 150117005 KAD›R ACUN added.
INFO:root:Student : 150113010 KEMAL CAN BOZKURT added.
INFO:root:Student : 150119563 KHALED AHMED MOSTAFA MOHAMED YASSEN added.
INFO:root:Student : 150117037 KORAY EMRE ﬁENEL added.
INFO:root:Student : 150118071 LARA G‹LS‹M ﬁEN added.
INFO:root:Student : 150118506 MAHMUT SALMAN added.
INFO:root:Student : 150117024 MAHMUT H›LM› ARIKMERT added.
INFO:root:Student : 150119893 MEHMET YILMAZ added.
INFO:root:Student : 150117022 MEHMET AL› G÷Z‹KIZIL added.
INFO:root:Student : 150117013 MEHMET AL› Y‹KSEL added.
INFO:root:Student : 150118504 MEHMET ETKA UZUN added.
INFO:root:Student : 150119654 MEHMET NUSRET ODABAﬁI added.
INFO:root:Student : 150114006 MEHMET SOYKAN MUTLU added.
INFO:root:Student : 150118070 MEL›K «A–AN ODUNCUO–LU added.
INFO:root:Student : 150119584 MERT MENG‹ added.
INFO:root:Student : 150116011 MERTKAN TURAN added.
INFO:root:Student : 150114858 MERVE ﬁAH›N added.
INFO:root:Student : 150119825 MERVE RANA KIZIL added.
INFO:root:Student : 150117025 MEVL‹T EREN TOPAL added.
INFO:root:Student : 150116021 M›KA›L TORUN added.
INFO:root:Student : 150119938 MUHAMMAD ISMAIL added.
INFO:root:Student : 150115003 MUHAMMED ADEM EVREN DEM›RKUﬁ added.
INFO:root:Student : 150117036 MUHAMMED ENES AKT‹RK added.
INFO:root:Student : 150119907 MUHAMMED FAT›H ÷ZTEL added.
INFO:root:Student : 150118016 MUHAMMED RAﬁ›T AYAZ added.
INFO:root:Student : 150117045 MUHAMMET «ET›NKAYA added.
INFO:root:Student : 150117053 MUHAMMET HASAN ALBAYRAK added.
INFO:root:Student : 150116020 MUHAMMET K‹RﬁAT A«IKG÷Z added.
INFO:root:Student : 150115012 MUHAMMET MUSTAFA SEL›MO–LU added.
INFO:root:Student : 150116013 MUHAMMET YAS›N TUFAN added.
INFO:root:Student : 150119634 MUSTAFA G‹REL added.
INFO:root:Student : 150112008 MUSTAFA K›BARO–LU added.
INFO:root:Student : 150119526 M‹M›N KOCAMAZ added.
INFO:root:Student : 150119933 NURHANDE AKY‹Z added.
INFO:root:Student : 150114058 O–UZHAN ERKOL added.
INFO:root:Student : 150119670 O–UZHAN TEZEL added.
INFO:root:Student : 150118049 O–UZHAN TOKER added.
INFO:root:Student : 150119658 ORHAN FAT›H BAYAZIT added.
INFO:root:Student : 150117038 OSMAN ER›KC› added.
INFO:root:Student : 150118064 OZAN YERL› added.
INFO:root:Student : 150118035 ÷MER ERKAN added.
INFO:root:Student : 150114036 ÷MER KAYA added.
INFO:root:Student : 150117008 ÷MER ÷ZT‹RK added.
INFO:root:Student : 150119559 RABIUL ISLAM added.
INFO:root:Student : 150119774 REHA ‹Z‹MC‹ added.
INFO:root:Student : 150117029 RIDVAN SAN added.
INFO:root:Student : 150117057 R‹MEYSA ÷ZT‹RK added.
INFO:root:Student : 150119693 SAMEEH N. O. KUNBARGI added.
INFO:root:Student : 150119638 SEDANUR KARA added.
INFO:root:Student : 150119652 SELAHATT›N H‹SMEN added.
INFO:root:Student : 150119895 SEL›MHAN «AKIR added.
INFO:root:Student : 150112064 SERKAN EROL added.
INFO:root:Student : 150119813 SERKAN HELVACIO–LU added.
INFO:root:Student : 150119936 SHAHZODAKHON RUSTAMOVA added.
INFO:root:Student : 150119573 S›NAN BURAK ÷ZT‹RK added.
INFO:root:Student : 150119576 S›NEM ONAL added.
INFO:root:Student : 150118062 S›NEM CEREN KONTAﬁ added.
INFO:root:Student : 150117044 SUEDA B›LEN added.
INFO:root:Student : 150117010 S‹LEYMAN AHMET S÷NMEZ added.
INFO:root:Student : 150118065 ﬁEREF KUTAY AKG‹N added.
INFO:root:Student : 150116010 ﬁ‹KR›YE SOYER added.
INFO:root:Student : 150119863 TAHA KIZMAZ added.
INFO:root:Student : 150119772 TAHA ‹Z‹MC‹ added.
INFO:root:Student : 150119585 TAHA ABDULSALAM SARHEED added.
INFO:root:Student : 150116832 TAHA CEVHER NANEC› added.
INFO:root:Student : 150119600 TAHA ENES UZUN added.
INFO:root:Student : 150118066 TALHA BAYBURTLU added.
INFO:root:Student : 150117055 TAYLAN ROJEN D÷–ER added.
INFO:root:Student : 150119829 TUGAY SARICI added.
INFO:root:Student : 150114074 TUNAHAN AYDIN added.
INFO:root:Student : 150120534 TURGUT KURAL added.
INFO:root:Student : 150117063 UBEYDULLAH F›KR› G‹NAY added.
INFO:root:Student : 150119869 UMER SELMANI added.
INFO:root:Student : 150117067 UMUT BAYRAM added.
INFO:root:Student : 150117047 VAHAP G÷ZENEL›O–LU added.
INFO:root:Student : 150116005 VEYS› ÷Z added.
INFO:root:Student : 150116058 YAS›N ÷ZDEM›R added.
INFO:root:Student : 150116006 YUNUS YILDIRIM added.
INFO:root:Student : 150119814 YUNUS AHMED STAHLSCHM›DT added.
INFO:root:Student : 150117064 YUNUS EMRE ERTUN« added.
INFO:root:Student : 150117012 YUSUF TALHA ERDEM added.
INFO:root:Student : 150119841 ZEHRA KURU added.
INFO:root:Student : 150117066 ZEKER›YA BATUHAN KARATAﬁ added.
INFO:root:Student : 150119517 ZEYNEP ALICI added.
INFO:root:Student : 150119824 ZEYNEP FERAH AKKURT added.
INFO:root:Student : 150119073 ZEYNEP NAZ AKYOKUﬁ added.
INFO:root:Student : 150119525 Z‹LK‹F ORHUN ÷ZKAYA added.
INFO:root:Student : 138315014 BELG›N TAﬁTAN added.
INFO:root:Student : 150319067 EL›F S‹NNETC› added.
INFO:root:Student : 150319673 SEVDENUR GEN« added.
INFO:root:Student : 150111037 MEHMET TARIK D‹Z added.
INFO:root:Student : 150112010 YUNUS EMRE OCAK added.
INFO:root:Answer Key : CSE3063_Mon_zoom_PollAnswer13.csv added.
INFO:root:Answer Key : CSE3063_Mon_zoom_PollAnswer14.csv added.
INFO:root:Answer Key : CSE3063_Tue_zoom_PollAnswer16.csv added.
INFO:root:Answer Key : CSE3063_Tue_zoom_PollAnswer17.csv added.
INFO:root:Answer Key : CSE3063_Tue_zoom_PollAnswer18.csv added.
INFO:root:Answer Key : CSE3063__Mon_zoom_PollAnswer1.csv added.
INFO:root:Answer Key : CSE3063__Mon_zoom_PollAnswer10.csv added.
INFO:root:Answer Key : CSE3063__Mon_zoom_PollAnswer11.csv added.
INFO:root:Answer Key : CSE3063__Mon_zoom_PollAnswer15.csv added.
INFO:root:Answer Key : CSE3063__Mon_zoom_PollAnswer2.csv added.
INFO:root:Answer Key : CSE3063__Mon_zoom_PollAnswer3.csv added.
INFO:root:Answer Key : CSE3063__Mon_zoom_PollAnswer4.csv added.
INFO:root:Answer Key : CSE3063__Mon_zoom_PollAnswer5.csv added.
INFO:root:Answer Key : CSE3063__Mon_zoom_PollAnswer6.csv added.
INFO:root:Answer Key : CSE3063__Mon_zoom_PollAnswer7.csv added.
INFO:root:Answer Key : CSE3063__Mon_zoom_PollAnswer8.csv added.
INFO:root:Answer Key : CSE3063__Mon_zoom_PollAnswer9.csv added.
INFO:root:Poll : 94502073867_PollReport (1).csv added.
INFO:root:Poll : 94502073867_PollReport (12).csv added.
INFO:root:Poll : 94502073867_PollReport (14).csv added.
INFO:root:Poll : 94502073867_PollReport (16).csv added.
INFO:root:Poll : 94502073867_PollReport (17).csv added.
INFO:root:Poll : 94502073867_PollReport (20).csv added.
INFO:root:Poll : 94502073867_PollReport (21).csv added.
INFO:root:Poll : 94502073867_PollReport (22).csv added.
INFO:root:Poll : 94502073867_PollReport (3).csv added.
INFO:root:Poll : 94502073867_PollReport (5).csv added.
INFO:root:Poll : 94502073867_PollReport (7).csv added.
INFO:root:Poll : 94502073867_PollReport (8).csv added.
INFO:root:Poll : 94502073867_PollReport (9).csv added.
INFO:root:Poll : 94502073867_PollReport_18-01-2021.csv added.
INFO:root:Poll : 94502073867_PollReport_19-10-2020.csv added.
INFO:root:Poll : 94502073867_PollReport_26-10-2020.csv added.
INFO:root:Poll : 97056655049_PollReport (1).csv added.
INFO:root:Poll : 97056655049_PollReport (10).csv added.
INFO:root:Poll : 97056655049_PollReport (15).csv added.
INFO:root:Poll : 97056655049_PollReport (16).csv added.
INFO:root:Poll : 97056655049_PollReport (23).csv added.
INFO:root:Poll : 97056655049_PollReport (27).csv added.
INFO:root:Poll : 97056655049_PollReport (28).csv added.
INFO:root:Poll : 97056655049_PollReport (3).csv added.
INFO:root:Poll : 97056655049_PollReport (4).csv added.
INFO:root:Poll : 97056655049_PollReport (6).csv added.
INFO:root:Poll : 97056655049_PollReport_12-01-2021.csv added.
INFO:root:Poll : 97056655049_PollReport_20-10-2020.csv added.
INFO:root:Student : 150119674 ABBAS KUTAY added.
INFO:root:Student : 150115061 ABBAS G÷KTU– YILMAZ added.
INFO:root:Student : 150115856 ABDUL KER›M BOYACI added.
INFO:root:Student : 150119598 ABDULHAL›K ﬁENS›N added.
INFO:root:Student : 150117059 ABDULLAH CANSIZ added.
INFO:root:Student : 150118036 ABDULLAH EMRE AYDEM›R added.
INFO:root:Student : 150115065 ABD‹LKAD›R ASLAN added.
INFO:root:Student : 150119778 AHMAD ASAAD added.
INFO:root:Student : 150118018 AHMED HAM› ORAK added.
INFO:root:Student : 150118038 AHMET AKIL added.
INFO:root:Student : 150119702 AHMET GEZM›ﬁO–LU added.
INFO:root:Student : 150117018 AHMET ÷NKOL added.
INFO:root:Student : 150117046 AHMET TURGUT added.
INFO:root:Student : 150118508 AHMET «A–RI HODO–LUG›L added.
INFO:root:Student : 150116024 AHMET ELBURUZ G‹RB‹Z added.
INFO:root:Student : 150117056 AHMET EM›RHAN BAKKAL added.
INFO:root:Student : 150117031 AHMET FARUK YILMAZ added.
INFO:root:Student : 150119660 AHMET FAT›H Y‹KSEL added.
INFO:root:Student : 150119522 AHMET FAZIL EM›R added.
INFO:root:Student : 150117060 AHMET HAKAN ﬁ›MﬁEK added.
INFO:root:Student : 150116025 AHMET HAMZA DEM›R added.
INFO:root:Student : 150119609 AHMET HARUN TOKYER added.
INFO:root:Student : 150119842 AHMET KEREM AKPINAR added.
INFO:root:Student : 150118054 AHMET ONAT ÷ZALAN added.
INFO:root:Student : 150119722 AHMET TAYY›B MENG‹« added.
INFO:root:Student : 150119870 ALI REZA IBRAHIMZADA added.
INFO:root:Student : 150119606 AL› «ET›NKAYA added.
INFO:root:Student : 150115029 AL› ANIL REYHAN added.
INFO:root:Student : 150119554 AL› BATUHAN YAMANARSLAN added.
INFO:root:Student : 150114043 AL› BEYTULLAH ÷ZKAN added.
INFO:root:Student : 150117040 AL› ONUR ASLAN added.
INFO:root:Student : 150116057 ALPARSLAN K÷PR‹L‹ added.
INFO:root:Student : 150119746 ALPER DOKAY added.
INFO:root:Student : 150117035 ALPEREN K÷KER added.
INFO:root:Student : 150119608 ALPEREN KA–AN KARA added.
INFO:root:Student : 150119562 AMELA KARMAJ added.
INFO:root:Student : 150117023 ANIL ﬁENAY added.
INFO:root:Student : 150117006 ARDA Y›–›T KAYNAR added.
INFO:root:Student : 150119678 ASAF TALHA G‹LTEK›N added.
INFO:root:Student : 150119688 ASEM OKBY added.
INFO:root:Student : 150119640 AYBERK ÷MER ALTUNTABAK added.
INFO:root:Student : 150119752 AY«A ›D›L KAYA added.
INFO:root:Student : 150118981 AYDIN DUYGU added.
INFO:root:Student : 150115854 AYKUT BAﬁY›–›T added.
INFO:root:Student : 150117026 AYﬁENUR KARAHASAN added.
INFO:root:Student : 150116038 BERAN EGE ﬁENOL added.
INFO:root:Student : 150117014 BERK ENG›N added.
INFO:root:Student : 150117052 BERK YILDIZ added.
INFO:root:Student : 150117003 BERKAY DEN›Z added.
INFO:root:Student : 150119577 BERKE ﬁAH›N added.
INFO:root:Student : 150117034 BERRA MERCAN added.
INFO:root:Student : 150117030 BEYZA AYDO–AN added.
INFO:root:Student : 150119630 B›LAL TAN added.
INFO:root:Student : 150117072 B›LGEHAN GE«›C› added.
INFO:root:Student : 150119596 BURAK F›DAN added.
INFO:root:Student : 150117058 B‹ﬁRA A–DACI added.
INFO:root:Student : 150119819 B‹ﬁRA B÷REKC› G‹RLER added.
INFO:root:Student : 150119886 CAFER SADIK Y‹KSELO–LU added.
INFO:root:Student : 150118004 CAN KARATEPE added.
INFO:root:Student : 150117021 CENK KAAN KANAR added.
INFO:root:Student : 150113030 «A–ATAY USLU added.
INFO:root:Student : 150119686 DIALA JASSEM MOHAMMAD BADER JUBEH DIALA JASSEM MOHAMMAD BADER JUBEH added.
INFO:root:Student : 150112034 DUYGU YAS›NO–LU added.
INFO:root:Student : 150119728 ECEM «EﬁMEC›LER added.
INFO:root:Student : 150117007 EDANUR ÷ZT‹RK added.
INFO:root:Student : 150117017 EFE BERKE ERKESK›N added.
INFO:root:Student : 150117510 EL›F G÷KPINAR added.
INFO:root:Student : 150119524 EM›N KA–AN KADIO–LU added.
INFO:root:Student : 150119601 EM›N SAFA TOK added.
INFO:root:Student : 150119672 EM›R BU–RA KILI« added.
INFO:root:Student : 150119900 EMRE OKUL added.
INFO:root:Student : 150116034 ENES GAR›P added.
INFO:root:Student : 150118501 ENG›N BEKTAﬁ added.
INFO:root:Student : 150118510 ERDEM A«ILDI added.
INFO:root:Student : 150117043 ERDEM A–CA added.
INFO:root:Student : 150117905 ERHAN YALNIZ added.
INFO:root:Student : 150115841 ERMAN KUNDAKCIO–LU added.
INFO:root:Student : 150119529 ESRAA ISMAIL TAHA TURKY ESRAA ISMAIL TAHA TURKY added.
INFO:root:Student : 150117009 EYMEN TOP«UO–LU added.
INFO:root:Student : 150119903 EY‹P ÷ZKUL added.
INFO:root:Student : 150117042 EZG› DO–RUER added.
INFO:root:Student : 150119544 FAROUK TIJJANI MOHAMMED DERIBE added.
INFO:root:Student : 150117032 FAT›H AKG‹ND‹Z added.
INFO:root:Student : 150117048 FAT›H BAﬁ added.
INFO:root:Student : 150118034 FAT›H EM›N ÷GE added.
INFO:root:Student : 150115028 FAT›H MURAT KARAKAYA added.
INFO:root:Student : 150117033 FEYZA NUR BULGURCU added.
INFO:root:Student : 150119605 FURKAN AKMAN added.
INFO:root:Student : 150118013 G÷KBERK «EL›KMASAT added.
INFO:root:Student : 150117004 G‹NEﬁ Y‹ZAK added.
INFO:root:Student : 150119620 HAFSA ULUSAL added.
INFO:root:Student : 150116031 HAKAN ÷ZER added.
INFO:root:Student : 150119820 HAL›L DEM›R added.
INFO:root:Student : 150117019 HAMZA T‹RKMEN added.
INFO:root:Student : 150119626 HARUN SARI added.
INFO:root:Student : 150118882 HASANCAN ÷ZEN added.
INFO:root:Student : 150119593 HAYRULLAH «A–IL added.
INFO:root:Student : 150119561 HAYTHAM ABDEL GHANI ABDEL NABI added.
INFO:root:Student : 150119700 HUZEYFE AYAZ added.
INFO:root:Student : 150119662 H‹SEY›N DEM›R added.
INFO:root:Student : 150118072 ›NSAF ÷ZGE BERKTAﬁ added.
INFO:root:Student : 150115034 ›REM SAYG›N added.
INFO:root:Student : 150116036 ›SMA›L ERTAN SARIHAN added.
INFO:root:Student : 150117061 ›SRA NUR ALPEREN added.
INFO:root:Student : 150117005 KAD›R ACUN added.
INFO:root:Student : 150113010 KEMAL CAN BOZKURT added.
INFO:root:Student : 150119563 KHALED AHMED MOSTAFA MOHAMED YASSEN added.
INFO:root:Student : 150117037 KORAY EMRE ﬁENEL added.
INFO:root:Student : 150118071 LARA G‹LS‹M ﬁEN added.
INFO:root:Student : 150118506 MAHMUT SALMAN added.
INFO:root:Student : 150117024 MAHMUT H›LM› ARIKMERT added.
INFO:root:Student : 150119893 MEHMET YILMAZ added.
INFO:root:Student : 150117022 MEHMET AL› G÷Z‹KIZIL added.
INFO:root:Student : 150117013 MEHMET AL› Y‹KSEL added.
INFO:root:Student : 150118504 MEHMET ETKA UZUN added.
INFO:root:Student : 150119654 MEHMET NUSRET ODABAﬁI added.
INFO:root:Student : 150114006 MEHMET SOYKAN MUTLU added.
INFO:root:Student : 150118070 MEL›K «A–AN ODUNCUO–LU added.
INFO:root:Student : 150119584 MERT MENG‹ added.
INFO:root:Student : 150116011 MERTKAN TURAN added.
INFO:root:Student : 150114858 MERVE ﬁAH›N added.
INFO:root:Student : 150119825 MERVE RANA KIZIL added.
INFO:root:Student : 150117025 MEVL‹T EREN TOPAL added.
INFO:root:Student : 150116021 M›KA›L TORUN added.
INFO:root:Student : 150119938 MUHAMMAD ISMAIL added.
INFO:root:Student : 150115003 MUHAMMED ADEM EVREN DEM›RKUﬁ added.
INFO:root:Student : 150117036 MUHAMMED ENES AKT‹RK added.
INFO:root:Student : 150119907 MUHAMMED FAT›H ÷ZTEL added.
INFO:root:Student : 150118016 MUHAMMED RAﬁ›T AYAZ added.
INFO:root:Student : 150117045 MUHAMMET «ET›NKAYA added.
INFO:root:Student : 150117053 MUHAMMET HASAN ALBAYRAK added.
INFO:root:Student : 150116020 MUHAMMET K‹RﬁAT A«IKG÷Z added.
INFO:root:Student : 150115012 MUHAMMET MUSTAFA SEL›MO–LU added.
INFO:root:Student : 150116013 MUHAMMET YAS›N TUFAN added.
INFO:root:Student : 150119634 MUSTAFA G‹REL added.
INFO:root:Student : 150112008 MUSTAFA K›BARO–LU added.
INFO:root:Student : 150119526 M‹M›N KOCAMAZ added.
INFO:root:Student : 150119933 NURHANDE AKY‹Z added.
INFO:root:Student : 150114058 O–UZHAN ERKOL added.
INFO:root:Student : 150119670 O–UZHAN TEZEL added.
INFO:root:Student : 150118049 O–UZHAN TOKER added.
INFO:root:Student : 150119658 ORHAN FAT›H BAYAZIT added.
INFO:root:Student : 150117038 OSMAN ER›KC› added.
INFO:root:Student : 150118064 OZAN YERL› added.
INFO:root:Student : 150118035 ÷MER ERKAN added.
INFO:root:Student : 150114036 ÷MER KAYA added.
INFO:root:Student : 150117008 ÷MER ÷ZT‹RK added.
INFO:root:Student : 150119559 RABIUL ISLAM added.
INFO:root:Student : 150119774 REHA ‹Z‹MC‹ added.
INFO:root:Student : 150117029 RIDVAN SAN added.
INFO:root:Student : 150117057 R‹MEYSA ÷ZT‹RK added.
INFO:root:Student : 150119693 SAMEEH N. O. KUNBARGI added.
INFO:root:Student : 150119638 SEDANUR KARA added.
INFO:root:Student : 150119652 SELAHATT›N H‹SMEN added.
INFO:root:Student : 150119895 SEL›MHAN «AKIR added.
INFO:root:Student : 150112064 SERKAN EROL added.
INFO:root:Student : 150119813 SERKAN HELVACIO–LU added.
INFO:root:Student : 150119936 SHAHZODAKHON RUSTAMOVA added.
INFO:root:Student : 150119573 S›NAN BURAK ÷ZT‹RK added.
INFO:root:Student : 150119576 S›NEM ONAL added.
INFO:root:Student : 150118062 S›NEM CEREN KONTAﬁ added.
INFO:root:Student : 150117044 SUEDA B›LEN added.
INFO:root:Student : 150117010 S‹LEYMAN AHMET S÷NMEZ added.
INFO:root:Student : 150118065 ﬁEREF KUTAY AKG‹N added.
INFO:root:Student : 150116010 ﬁ‹KR›YE SOYER added.
INFO:root:Student : 150119863 TAHA KIZMAZ added.
INFO:root:Student : 150119772 TAHA ‹Z‹MC‹ added.
INFO:root:Student : 150119585 TAHA ABDULSALAM SARHEED added.
INFO:root:Student : 150116832 TAHA CEVHER NANEC› added.
INFO:root:Student : 150119600 TAHA ENES UZUN added.
INFO:root:Student : 150118066 TALHA BAYBURTLU added.
INFO:root:Student : 150117055 TAYLAN ROJEN D÷–ER added.
INFO:root:Student : 150119829 TUGAY SARICI added.
INFO:root:Student : 150114074 TUNAHAN AYDIN added.
INFO:root:Student : 150120534 TURGUT KURAL added.
INFO:root:Student : 150117063 UBEYDULLAH F›KR› G‹NAY added.
INFO:root:Student : 150119869 UMER SELMANI added.
INFO:root:Student : 150117067 UMUT BAYRAM added.
INFO:root:Student : 150117047 VAHAP G÷ZENEL›O–LU added.
INFO:root:Student : 150116005 VEYS› ÷Z added.
INFO:root:Student : 150116058 YAS›N ÷ZDEM›R added.
INFO:root:Student : 150116006 YUNUS YILDIRIM added.
INFO:root:Student : 150119814 YUNUS AHMED STAHLSCHM›DT added.
INFO:root:Student : 150117064 YUNUS EMRE ERTUN« added.
INFO:root:Student : 150117012 YUSUF TALHA ERDEM added.
INFO:root:Student : 150119841 ZEHRA KURU added.
INFO:root:Student : 150117066 ZEKER›YA BATUHAN KARATAﬁ added.
INFO:root:Student : 150119517 ZEYNEP ALICI added.
INFO:root:Student : 150119824 ZEYNEP FERAH AKKURT added.
INFO:root:Student : 150119073 ZEYNEP NAZ AKYOKUﬁ added.
INFO:root:Student : 150119525 Z‹LK‹F ORHUN ÷ZKAYA added.
INFO:root:Student : 138315014 BELG›N TAﬁTAN added.
INFO:root:Student : 150319067 EL›F S‹NNETC› added.
INFO:root:Student : 150319673 SEVDENUR GEN« added.
INFO:root:Student : 150111037 MEHMET TARIK D‹Z added.
INFO:root:Student : 150112010 YUNUS EMRE OCAK added.
INFO:root:Answer Key : CSE3063_Mon_zoom_PollAnswer13.csv added.
INFO:root:Answer Key : CSE3063_Mon_zoom_PollAnswer14.csv added.
INFO:root:Answer Key : CSE3063_Tue_zoom_PollAnswer16.csv added.
INFO:root:Answer Key : CSE3063_Tue_zoom_PollAnswer17.csv added.
INFO:root:Answer Key : CSE3063_Tue_zoom_PollAnswer18.csv added.
INFO:root:Answer Key : CSE3063__Mon_zoom_PollAnswer1.csv added.
INFO:root:Answer Key : CSE3063__Mon_zoom_PollAnswer10.csv added.
INFO:root:Answer Key : CSE3063__Mon_zoom_PollAnswer11.csv added.
INFO:root:Answer Key : CSE3063__Mon_zoom_PollAnswer15.csv added.
INFO:root:Answer Key : CSE3063__Mon_zoom_PollAnswer2.csv added.
INFO:root:Answer Key : CSE3063__Mon_zoom_PollAnswer3.csv added.
INFO:root:Answer Key : CSE3063__Mon_zoom_PollAnswer4.csv added.
INFO:root:Answer Key : CSE3063__Mon_zoom_PollAnswer5.csv added.
INFO:root:Answer Key : CSE3063__Mon_zoom_PollAnswer6.csv added.
INFO:root:Answer Key : CSE3063__Mon_zoom_PollAnswer7.csv added.
INFO:root:Answer Key : CSE3063__Mon_zoom_PollAnswer8.csv added.
INFO:root:Answer Key : CSE3063__Mon_zoom_PollAnswer9.csv added.
INFO:root:Poll : 94502073867_PollReport (1).csv added.
INFO:root:Poll : 94502073867_PollReport (12).csv added.
INFO:root:Poll : 94502073867_PollReport (14).csv added.
INFO:root:Poll : 94502073867_PollReport (16).csv added.
INFO:root:Poll : 94502073867_PollReport (17).csv added.
INFO:root:Poll : 94502073867_PollReport (20).csv added.
INFO:root:Poll : 94502073867_PollReport (21).csv added.
INFO:root:Poll : 94502073867_PollReport (22).csv added.
INFO:root:Poll : 94502073867_PollReport (3).csv added.
INFO:root:Poll : 94502073867_PollReport (5).csv added.
INFO:root:Poll : 94502073867_PollReport (7).csv added.
INFO:root:Poll : 94502073867_PollReport (8).csv added.
INFO:root:Poll : 94502073867_PollReport (9).csv added.
INFO:root:Poll : 94502073867_PollReport_18-01-2021.csv added.
INFO:root:Poll : 94502073867_PollReport_19-10-2020.csv added.
INFO:root:Poll : 94502073867_PollReport_26-10-2020.csv added.
INFO:root:Poll : 97056655049_PollReport (1).csv added.
INFO:root:Poll : 97056655049_PollReport (10).csv added.
INFO:root:Poll : 97056655049_PollReport (15).csv added.
INFO:root:Poll : 97056655049_PollReport (16).csv added.
INFO:root:Poll : 97056655049_PollReport (23).csv added.
INFO:root:Poll : 97056655049_PollReport (27).csv added.
INFO:root:Poll : 97056655049_PollReport (28).csv added.
INFO:root:Poll : 97056655049_PollReport (3).csv added.
INFO:root:Poll : 97056655049_PollReport (4).csv added.
INFO:root:Poll : 97056655049_PollReport (6).csv added.
INFO:root:Poll : 97056655049_PollReport_12-01-2021.csv added.
INFO:root:Poll : 97056655049_PollReport_20-10-2020.csv added.
INFO:root:Student : 150119674 ABBAS KUTAY added.
INFO:root:Student : 150115061 ABBAS G÷KTU– YILMAZ added.
INFO:root:Student : 150115856 ABDUL KER›M BOYACI added.
INFO:root:Student : 150119598 ABDULHAL›K ﬁENS›N added.
INFO:root:Student : 150117059 ABDULLAH CANSIZ added.
INFO:root:Student : 150118036 ABDULLAH EMRE AYDEM›R added.
INFO:root:Student : 150115065 ABD‹LKAD›R ASLAN added.
INFO:root:Student : 150119778 AHMAD ASAAD added.
INFO:root:Student : 150118018 AHMED HAM› ORAK added.
INFO:root:Student : 150118038 AHMET AKIL added.
INFO:root:Student : 150119702 AHMET GEZM›ﬁO–LU added.
INFO:root:Student : 150117018 AHMET ÷NKOL added.
INFO:root:Student : 150117046 AHMET TURGUT added.
INFO:root:Student : 150118508 AHMET «A–RI HODO–LUG›L added.
INFO:root:Student : 150116024 AHMET ELBURUZ G‹RB‹Z added.
INFO:root:Student : 150117056 AHMET EM›RHAN BAKKAL added.
INFO:root:Student : 150117031 AHMET FARUK YILMAZ added.
INFO:root:Student : 150119660 AHMET FAT›H Y‹KSEL added.
INFO:root:Student : 150119522 AHMET FAZIL EM›R added.
INFO:root:Student : 150117060 AHMET HAKAN ﬁ›MﬁEK added.
INFO:root:Student : 150116025 AHMET HAMZA DEM›R added.
INFO:root:Student : 150119609 AHMET HARUN TOKYER added.
INFO:root:Student : 150119842 AHMET KEREM AKPINAR added.
INFO:root:Student : 150118054 AHMET ONAT ÷ZALAN added.
INFO:root:Student : 150119722 AHMET TAYY›B MENG‹« added.
INFO:root:Student : 150119870 ALI REZA IBRAHIMZADA added.
INFO:root:Student : 150119606 AL› «ET›NKAYA added.
INFO:root:Student : 150115029 AL› ANIL REYHAN added.
INFO:root:Student : 150119554 AL› BATUHAN YAMANARSLAN added.
INFO:root:Student : 150114043 AL› BEYTULLAH ÷ZKAN added.
INFO:root:Student : 150117040 AL› ONUR ASLAN added.
INFO:root:Student : 150116057 ALPARSLAN K÷PR‹L‹ added.
INFO:root:Student : 150119746 ALPER DOKAY added.
INFO:root:Student : 150117035 ALPEREN K÷KER added.
INFO:root:Student : 150119608 ALPEREN KA–AN KARA added.
INFO:root:Student : 150119562 AMELA KARMAJ added.
INFO:root:Student : 150117023 ANIL ﬁENAY added.
INFO:root:Student : 150117006 ARDA Y›–›T KAYNAR added.
INFO:root:Student : 150119678 ASAF TALHA G‹LTEK›N added.
INFO:root:Student : 150119688 ASEM OKBY added.
INFO:root:Student : 150119640 AYBERK ÷MER ALTUNTABAK added.
INFO:root:Student : 150119752 AY«A ›D›L KAYA added.
INFO:root:Student : 150118981 AYDIN DUYGU added.
INFO:root:Student : 150115854 AYKUT BAﬁY›–›T added.
INFO:root:Student : 150117026 AYﬁENUR KARAHASAN added.
INFO:root:Student : 150116038 BERAN EGE ﬁENOL added.
INFO:root:Student : 150117014 BERK ENG›N added.
INFO:root:Student : 150117052 BERK YILDIZ added.
INFO:root:Student : 150117003 BERKAY DEN›Z added.
INFO:root:Student : 150119577 BERKE ﬁAH›N added.
INFO:root:Student : 150117034 BERRA MERCAN added.
INFO:root:Student : 150117030 BEYZA AYDO–AN added.
INFO:root:Student : 150119630 B›LAL TAN added.
INFO:root:Student : 150117072 B›LGEHAN GE«›C› added.
INFO:root:Student : 150119596 BURAK F›DAN added.
INFO:root:Student : 150117058 B‹ﬁRA A–DACI added.
INFO:root:Student : 150119819 B‹ﬁRA B÷REKC› G‹RLER added.
INFO:root:Student : 150119886 CAFER SADIK Y‹KSELO–LU added.
INFO:root:Student : 150118004 CAN KARATEPE added.
INFO:root:Student : 150117021 CENK KAAN KANAR added.
INFO:root:Student : 150113030 «A–ATAY USLU added.
INFO:root:Student : 150119686 DIALA JASSEM MOHAMMAD BADER JUBEH DIALA JASSEM MOHAMMAD BADER JUBEH added.
INFO:root:Student : 150112034 DUYGU YAS›NO–LU added.
INFO:root:Student : 150119728 ECEM «EﬁMEC›LER added.
INFO:root:Student : 150117007 EDANUR ÷ZT‹RK added.
INFO:root:Student : 150117017 EFE BERKE ERKESK›N added.
INFO:root:Student : 150117510 EL›F G÷KPINAR added.
INFO:root:Student : 150119524 EM›N KA–AN KADIO–LU added.
INFO:root:Student : 150119601 EM›N SAFA TOK added.
INFO:root:Student : 150119672 EM›R BU–RA KILI« added.
INFO:root:Student : 150119900 EMRE OKUL added.
INFO:root:Student : 150116034 ENES GAR›P added.
INFO:root:Student : 150118501 ENG›N BEKTAﬁ added.
INFO:root:Student : 150118510 ERDEM A«ILDI added.
INFO:root:Student : 150117043 ERDEM A–CA added.
INFO:root:Student : 150117905 ERHAN YALNIZ added.
INFO:root:Student : 150115841 ERMAN KUNDAKCIO–LU added.
INFO:root:Student : 150119529 ESRAA ISMAIL TAHA TURKY ESRAA ISMAIL TAHA TURKY added.
INFO:root:Student : 150117009 EYMEN TOP«UO–LU added.
INFO:root:Student : 150119903 EY‹P ÷ZKUL added.
INFO:root:Student : 150117042 EZG› DO–RUER added.
INFO:root:Student : 150119544 FAROUK TIJJANI MOHAMMED DERIBE added.
INFO:root:Student : 150117032 FAT›H AKG‹ND‹Z added.
INFO:root:Student : 150117048 FAT›H BAﬁ added.
INFO:root:Student : 150118034 FAT›H EM›N ÷GE added.
INFO:root:Student : 150115028 FAT›H MURAT KARAKAYA added.
INFO:root:Student : 150117033 FEYZA NUR BULGURCU added.
INFO:root:Student : 150119605 FURKAN AKMAN added.
INFO:root:Student : 150118013 G÷KBERK «EL›KMASAT added.
INFO:root:Student : 150117004 G‹NEﬁ Y‹ZAK added.
INFO:root:Student : 150119620 HAFSA ULUSAL added.
INFO:root:Student : 150116031 HAKAN ÷ZER added.
INFO:root:Student : 150119820 HAL›L DEM›R added.
INFO:root:Student : 150117019 HAMZA T‹RKMEN added.
INFO:root:Student : 150119626 HARUN SARI added.
INFO:root:Student : 150118882 HASANCAN ÷ZEN added.
INFO:root:Student : 150119593 HAYRULLAH «A–IL added.
INFO:root:Student : 150119561 HAYTHAM ABDEL GHANI ABDEL NABI added.
INFO:root:Student : 150119700 HUZEYFE AYAZ added.
INFO:root:Student : 150119662 H‹SEY›N DEM›R added.
INFO:root:Student : 150118072 ›NSAF ÷ZGE BERKTAﬁ added.
INFO:root:Student : 150115034 ›REM SAYG›N added.
INFO:root:Student : 150116036 ›SMA›L ERTAN SARIHAN added.
INFO:root:Student : 150117061 ›SRA NUR ALPEREN added.
INFO:root:Student : 150117005 KAD›R ACUN added.
INFO:root:Student : 150113010 KEMAL CAN BOZKURT added.
INFO:root:Student : 150119563 KHALED AHMED MOSTAFA MOHAMED YASSEN added.
INFO:root:Student : 150117037 KORAY EMRE ﬁENEL added.
INFO:root:Student : 150118071 LARA G‹LS‹M ﬁEN added.
INFO:root:Student : 150118506 MAHMUT SALMAN added.
INFO:root:Student : 150117024 MAHMUT H›LM› ARIKMERT added.
INFO:root:Student : 150119893 MEHMET YILMAZ added.
INFO:root:Student : 150117022 MEHMET AL› G÷Z‹KIZIL added.
INFO:root:Student : 150117013 MEHMET AL› Y‹KSEL added.
INFO:root:Student : 150118504 MEHMET ETKA UZUN added.
INFO:root:Student : 150119654 MEHMET NUSRET ODABAﬁI added.
INFO:root:Student : 150114006 MEHMET SOYKAN MUTLU added.
INFO:root:Student : 150118070 MEL›K «A–AN ODUNCUO–LU added.
INFO:root:Student : 150119584 MERT MENG‹ added.
INFO:root:Student : 150116011 MERTKAN TURAN added.
INFO:root:Student : 150114858 MERVE ﬁAH›N added.
INFO:root:Student : 150119825 MERVE RANA KIZIL added.
INFO:root:Student : 150117025 MEVL‹T EREN TOPAL added.
INFO:root:Student : 150116021 M›KA›L TORUN added.
INFO:root:Student : 150119938 MUHAMMAD ISMAIL added.
INFO:root:Student : 150115003 MUHAMMED ADEM EVREN DEM›RKUﬁ added.
INFO:root:Student : 150117036 MUHAMMED ENES AKT‹RK added.
INFO:root:Student : 150119907 MUHAMMED FAT›H ÷ZTEL added.
INFO:root:Student : 150118016 MUHAMMED RAﬁ›T AYAZ added.
INFO:root:Student : 150117045 MUHAMMET «ET›NKAYA added.
INFO:root:Student : 150117053 MUHAMMET HASAN ALBAYRAK added.
INFO:root:Student : 150116020 MUHAMMET K‹RﬁAT A«IKG÷Z added.
INFO:root:Student : 150115012 MUHAMMET MUSTAFA SEL›MO–LU added.
INFO:root:Student : 150116013 MUHAMMET YAS›N TUFAN added.
INFO:root:Student : 150119634 MUSTAFA G‹REL added.
INFO:root:Student : 150112008 MUSTAFA K›BARO–LU added.
INFO:root:Student : 150119526 M‹M›N KOCAMAZ added.
INFO:root:Student : 150119933 NURHANDE AKY‹Z added.
INFO:root:Student : 150114058 O–UZHAN ERKOL added.
INFO:root:Student : 150119670 O–UZHAN TEZEL added.
INFO:root:Student : 150118049 O–UZHAN TOKER added.
INFO:root:Student : 150119658 ORHAN FAT›H BAYAZIT added.
INFO:root:Student : 150117038 OSMAN ER›KC› added.
INFO:root:Student : 150118064 OZAN YERL› added.
INFO:root:Student : 150118035 ÷MER ERKAN added.
INFO:root:Student : 150114036 ÷MER KAYA added.
INFO:root:Student : 150117008 ÷MER ÷ZT‹RK added.
INFO:root:Student : 150119559 RABIUL ISLAM added.
INFO:root:Student : 150119774 REHA ‹Z‹MC‹ added.
INFO:root:Student : 150117029 RIDVAN SAN added.
INFO:root:Student : 150117057 R‹MEYSA ÷ZT‹RK added.
INFO:root:Student : 150119693 SAMEEH N. O. KUNBARGI added.
INFO:root:Student : 150119638 SEDANUR KARA added.
INFO:root:Student : 150119652 SELAHATT›N H‹SMEN added.
INFO:root:Student : 150119895 SEL›MHAN «AKIR added.
INFO:root:Student : 150112064 SERKAN EROL added.
INFO:root:Student : 150119813 SERKAN HELVACIO–LU added.
INFO:root:Student : 150119936 SHAHZODAKHON RUSTAMOVA added.
INFO:root:Student : 150119573 S›NAN BURAK ÷ZT‹RK added.
INFO:root:Student : 150119576 S›NEM ONAL added.
INFO:root:Student : 150118062 S›NEM CEREN KONTAﬁ added.
INFO:root:Student : 150117044 SUEDA B›LEN added.
INFO:root:Student : 150117010 S‹LEYMAN AHMET S÷NMEZ added.
INFO:root:Student : 150118065 ﬁEREF KUTAY AKG‹N added.
INFO:root:Student : 150116010 ﬁ‹KR›YE SOYER added.
INFO:root:Student : 150119863 TAHA KIZMAZ added.
INFO:root:Student : 150119772 TAHA ‹Z‹MC‹ added.
INFO:root:Student : 150119585 TAHA ABDULSALAM SARHEED added.
INFO:root:Student : 150116832 TAHA CEVHER NANEC› added.
INFO:root:Student : 150119600 TAHA ENES UZUN added.
INFO:root:Student : 150118066 TALHA BAYBURTLU added.
INFO:root:Student : 150117055 TAYLAN ROJEN D÷–ER added.
INFO:root:Student : 150119829 TUGAY SARICI added.
INFO:root:Student : 150114074 TUNAHAN AYDIN added.
INFO:root:Student : 150120534 TURGUT KURAL added.
INFO:root:Student : 150117063 UBEYDULLAH F›KR› G‹NAY added.
INFO:root:Student : 150119869 UMER SELMANI added.
INFO:root:Student : 150117067 UMUT BAYRAM added.
INFO:root:Student : 150117047 VAHAP G÷ZENEL›O–LU added.
INFO:root:Student : 150116005 VEYS› ÷Z added.
INFO:root:Student : 150116058 YAS›N ÷ZDEM›R added.
INFO:root:Student : 150116006 YUNUS YILDIRIM added.
INFO:root:Student : 150119814 YUNUS AHMED STAHLSCHM›DT added.
INFO:root:Student : 150117064 YUNUS EMRE ERTUN« added.
INFO:root:Student : 150117012 YUSUF TALHA ERDEM added.
INFO:root:Student : 150119841 ZEHRA KURU added.
INFO:root:Student : 150117066 ZEKER›YA BATUHAN KARATAﬁ added.
INFO:root:Student : 150119517 ZEYNEP ALICI added.
INFO:root:Student : 150119824 ZEYNEP FERAH AKKURT added.
INFO:root:Student : 150119073 ZEYNEP NAZ AKYOKUﬁ added.
INFO:root:Student : 150119525 Z‹LK‹F ORHUN ÷ZKAYA added.
INFO:root:Student : 138315014 BELG›N TAﬁTAN added.
INFO:root:Student : 150319067 EL›F S‹NNETC› added.
INFO:root:Student : 150319673 SEVDENUR GEN« added.
INFO:root:Student : 150111037 MEHMET TARIK D‹Z added.
INFO:root:Student : 150112010 YUNUS EMRE OCAK added.
INFO:root:Answer Key : CSE3063_Mon_zoom_PollAnswer13.csv added.
INFO:root:Answer Key : CSE3063_Mon_zoom_PollAnswer14.csv added.
INFO:root:Answer Key : CSE3063_Tue_zoom_PollAnswer16.csv added.
INFO:root:Answer Key : CSE3063_Tue_zoom_PollAnswer17.csv added.
INFO:root:Answer Key : CSE3063_Tue_zoom_PollAnswer18.csv added.
INFO:root:Answer Key : CSE3063__Mon_zoom_PollAnswer1.csv added.
INFO:root:Answer Key : CSE3063__Mon_zoom_PollAnswer10.csv added.
INFO:root:Answer Key : CSE3063__Mon_zoom_PollAnswer11.csv added.
INFO:root:Answer Key : CSE3063__Mon_zoom_PollAnswer15.csv added.
INFO:root:Answer Key : CSE3063__Mon_zoom_PollAnswer2.csv added.
INFO:root:Answer Key : CSE3063__Mon_zoom_PollAnswer3.csv added.
INFO:root:Answer Key : CSE3063__Mon_zoom_PollAnswer4.csv added.
INFO:root:Answer Key : CSE3063__Mon_zoom_PollAnswer5.csv added.
INFO:root:Answer Key : CSE3063__Mon_zoom_PollAnswer6.csv added.
INFO:root:Answer Key : CSE3063__Mon_zoom_PollAnswer7.csv added.
INFO:root:Answer Key : CSE3063__Mon_zoom_PollAnswer8.csv added.
INFO:root:Answer Key : CSE3063__Mon_zoom_PollAnswer9.csv added.
INFO:root:Poll : 94502073867_PollReport (1).csv added.
INFO:root:Poll : 94502073867_PollReport (12).csv added.
INFO:root:Poll : 94502073867_PollReport (14).csv added.
INFO:root:Poll : 94502073867_PollReport (16).csv added.
INFO:root:Poll : 94502073867_PollReport (17).csv added.
INFO:root:Poll : 94502073867_PollReport (20).csv added.
INFO:root:Poll : 94502073867_PollReport (21).csv added.
INFO:root:Poll : 94502073867_PollReport (22).csv added.
INFO:root:Poll : 94502073867_PollReport (3).csv added.
INFO:root:Poll : 94502073867_PollReport (5).csv added.
INFO:root:Poll : 94502073867_PollReport (7).csv added.
INFO:root:Poll : 94502073867_PollReport (8).csv added.
INFO:root:Poll : 94502073867_PollReport (9).csv added.
INFO:root:Poll : 94502073867_PollReport_18-01-2021.csv added.
INFO:root:Poll : 94502073867_PollReport_19-10-2020.csv added.
INFO:root:Poll : 94502073867_PollReport_26-10-2020.csv added.
INFO:root:Poll : 97056655049_PollReport (1).csv added.
INFO:root:Poll : 97056655049_PollReport (10).csv added.
INFO:root:Poll : 97056655049_PollReport (15).csv added.
INFO:root:Poll : 97056655049_PollReport (16).csv added.
INFO:root:Poll : 97056655049_PollReport (23).csv added.
INFO:root:Poll : 97056655049_PollReport (27).csv added.
INFO:root:Poll : 97056655049_PollReport (28).csv added.
INFO:root:Poll : 97056655049_PollReport (3).csv added.
INFO:root:Poll : 97056655049_PollReport (4).csv added.
INFO:root:Poll : 97056655049_PollReport (6).csv added.
INFO:root:Poll : 97056655049_PollReport_12-01-2021.csv added.
INFO:root:Poll : 97056655049_PollReport_20-10-2020.csv added.
INFO:root:Student : 150119674 ABBAS KUTAY added.
INFO:root:Student : 150115061 ABBAS G÷KTU– YILMAZ added.
INFO:root:Student : 150115856 ABDUL KER›M BOYACI added.
INFO:root:Student : 150119598 ABDULHAL›K ﬁENS›N added.
INFO:root:Student : 150117059 ABDULLAH CANSIZ added.
INFO:root:Student : 150118036 ABDULLAH EMRE AYDEM›R added.
INFO:root:Student : 150115065 ABD‹LKAD›R ASLAN added.
INFO:root:Student : 150119778 AHMAD ASAAD added.
INFO:root:Student : 150118018 AHMED HAM› ORAK added.
INFO:root:Student : 150118038 AHMET AKIL added.
INFO:root:Student : 150119702 AHMET GEZM›ﬁO–LU added.
INFO:root:Student : 150117018 AHMET ÷NKOL added.
INFO:root:Student : 150117046 AHMET TURGUT added.
INFO:root:Student : 150118508 AHMET «A–RI HODO–LUG›L added.
INFO:root:Student : 150116024 AHMET ELBURUZ G‹RB‹Z added.
INFO:root:Student : 150117056 AHMET EM›RHAN BAKKAL added.
INFO:root:Student : 150117031 AHMET FARUK YILMAZ added.
INFO:root:Student : 150119660 AHMET FAT›H Y‹KSEL added.
INFO:root:Student : 150119522 AHMET FAZIL EM›R added.
INFO:root:Student : 150117060 AHMET HAKAN ﬁ›MﬁEK added.
INFO:root:Student : 150116025 AHMET HAMZA DEM›R added.
INFO:root:Student : 150119609 AHMET HARUN TOKYER added.
INFO:root:Student : 150119842 AHMET KEREM AKPINAR added.
INFO:root:Student : 150118054 AHMET ONAT ÷ZALAN added.
INFO:root:Student : 150119722 AHMET TAYY›B MENG‹« added.
INFO:root:Student : 150119870 ALI REZA IBRAHIMZADA added.
INFO:root:Student : 150119606 AL› «ET›NKAYA added.
INFO:root:Student : 150115029 AL› ANIL REYHAN added.
INFO:root:Student : 150119554 AL› BATUHAN YAMANARSLAN added.
INFO:root:Student : 150114043 AL› BEYTULLAH ÷ZKAN added.
INFO:root:Student : 150117040 AL› ONUR ASLAN added.
INFO:root:Student : 150116057 ALPARSLAN K÷PR‹L‹ added.
INFO:root:Student : 150119746 ALPER DOKAY added.
INFO:root:Student : 150117035 ALPEREN K÷KER added.
INFO:root:Student : 150119608 ALPEREN KA–AN KARA added.
INFO:root:Student : 150119562 AMELA KARMAJ added.
INFO:root:Student : 150117023 ANIL ﬁENAY added.
INFO:root:Student : 150117006 ARDA Y›–›T KAYNAR added.
INFO:root:Student : 150119678 ASAF TALHA G‹LTEK›N added.
INFO:root:Student : 150119688 ASEM OKBY added.
INFO:root:Student : 150119640 AYBERK ÷MER ALTUNTABAK added.
INFO:root:Student : 150119752 AY«A ›D›L KAYA added.
INFO:root:Student : 150118981 AYDIN DUYGU added.
INFO:root:Student : 150115854 AYKUT BAﬁY›–›T added.
INFO:root:Student : 150117026 AYﬁENUR KARAHASAN added.
INFO:root:Student : 150116038 BERAN EGE ﬁENOL added.
INFO:root:Student : 150117014 BERK ENG›N added.
INFO:root:Student : 150117052 BERK YILDIZ added.
INFO:root:Student : 150117003 BERKAY DEN›Z added.
INFO:root:Student : 150119577 BERKE ﬁAH›N added.
INFO:root:Student : 150117034 BERRA MERCAN added.
INFO:root:Student : 150117030 BEYZA AYDO–AN added.
INFO:root:Student : 150119630 B›LAL TAN added.
INFO:root:Student : 150117072 B›LGEHAN GE«›C› added.
INFO:root:Student : 150119596 BURAK F›DAN added.
INFO:root:Student : 150117058 B‹ﬁRA A–DACI added.
INFO:root:Student : 150119819 B‹ﬁRA B÷REKC› G‹RLER added.
INFO:root:Student : 150119886 CAFER SADIK Y‹KSELO–LU added.
INFO:root:Student : 150118004 CAN KARATEPE added.
INFO:root:Student : 150117021 CENK KAAN KANAR added.
INFO:root:Student : 150113030 «A–ATAY USLU added.
INFO:root:Student : 150119686 DIALA JASSEM MOHAMMAD BADER JUBEH DIALA JASSEM MOHAMMAD BADER JUBEH added.
INFO:root:Student : 150112034 DUYGU YAS›NO–LU added.
INFO:root:Student : 150119728 ECEM «EﬁMEC›LER added.
INFO:root:Student : 150117007 EDANUR ÷ZT‹RK added.
INFO:root:Student : 150117017 EFE BERKE ERKESK›N added.
INFO:root:Student : 150117510 EL›F G÷KPINAR added.
INFO:root:Student : 150119524 EM›N KA–AN KADIO–LU added.
INFO:root:Student : 150119601 EM›N SAFA TOK added.
INFO:root:Student : 150119672 EM›R BU–RA KILI« added.
INFO:root:Student : 150119900 EMRE OKUL added.
INFO:root:Student : 150116034 ENES GAR›P added.
INFO:root:Student : 150118501 ENG›N BEKTAﬁ added.
INFO:root:Student : 150118510 ERDEM A«ILDI added.
INFO:root:Student : 150117043 ERDEM A–CA added.
INFO:root:Student : 150117905 ERHAN YALNIZ added.
INFO:root:Student : 150115841 ERMAN KUNDAKCIO–LU added.
INFO:root:Student : 150119529 ESRAA ISMAIL TAHA TURKY ESRAA ISMAIL TAHA TURKY added.
INFO:root:Student : 150117009 EYMEN TOP«UO–LU added.
INFO:root:Student : 150119903 EY‹P ÷ZKUL added.
INFO:root:Student : 150117042 EZG› DO–RUER added.
INFO:root:Student : 150119544 FAROUK TIJJANI MOHAMMED DERIBE added.
INFO:root:Student : 150117032 FAT›H AKG‹ND‹Z added.
INFO:root:Student : 150117048 FAT›H BAﬁ added.
INFO:root:Student : 150118034 FAT›H EM›N ÷GE added.
INFO:root:Student : 150115028 FAT›H MURAT KARAKAYA added.
INFO:root:Student : 150117033 FEYZA NUR BULGURCU added.
INFO:root:Student : 150119605 FURKAN AKMAN added.
INFO:root:Student : 150118013 G÷KBERK «EL›KMASAT added.
INFO:root:Student : 150117004 G‹NEﬁ Y‹ZAK added.
INFO:root:Student : 150119620 HAFSA ULUSAL added.
INFO:root:Student : 150116031 HAKAN ÷ZER added.
INFO:root:Student : 150119820 HAL›L DEM›R added.
INFO:root:Student : 150117019 HAMZA T‹RKMEN added.
INFO:root:Student : 150119626 HARUN SARI added.
INFO:root:Student : 150118882 HASANCAN ÷ZEN added.
INFO:root:Student : 150119593 HAYRULLAH «A–IL added.
INFO:root:Student : 150119561 HAYTHAM ABDEL GHANI ABDEL NABI added.
INFO:root:Student : 150119700 HUZEYFE AYAZ added.
INFO:root:Student : 150119662 H‹SEY›N DEM›R added.
INFO:root:Student : 150118072 ›NSAF ÷ZGE BERKTAﬁ added.
INFO:root:Student : 150115034 ›REM SAYG›N added.
INFO:root:Student : 150116036 ›SMA›L ERTAN SARIHAN added.
INFO:root:Student : 150117061 ›SRA NUR ALPEREN added.
INFO:root:Student : 150117005 KAD›R ACUN added.
INFO:root:Student : 150113010 KEMAL CAN BOZKURT added.
INFO:root:Student : 150119563 KHALED AHMED MOSTAFA MOHAMED YASSEN added.
INFO:root:Student : 150117037 KORAY EMRE ﬁENEL added.
INFO:root:Student : 150118071 LARA G‹LS‹M ﬁEN added.
INFO:root:Student : 150118506 MAHMUT SALMAN added.
INFO:root:Student : 150117024 MAHMUT H›LM› ARIKMERT added.
INFO:root:Student : 150119893 MEHMET YILMAZ added.
INFO:root:Student : 150117022 MEHMET AL› G÷Z‹KIZIL added.
INFO:root:Student : 150117013 MEHMET AL› Y‹KSEL added.
INFO:root:Student : 150118504 MEHMET ETKA UZUN added.
INFO:root:Student : 150119654 MEHMET NUSRET ODABAﬁI added.
INFO:root:Student : 150114006 MEHMET SOYKAN MUTLU added.
INFO:root:Student : 150118070 MEL›K «A–AN ODUNCUO–LU added.
INFO:root:Student : 150119584 MERT MENG‹ added.
INFO:root:Student : 150116011 MERTKAN TURAN added.
INFO:root:Student : 150114858 MERVE ﬁAH›N added.
INFO:root:Student : 150119825 MERVE RANA KIZIL added.
INFO:root:Student : 150117025 MEVL‹T EREN TOPAL added.
INFO:root:Student : 150116021 M›KA›L TORUN added.
INFO:root:Student : 150119938 MUHAMMAD ISMAIL added.
INFO:root:Student : 150115003 MUHAMMED ADEM EVREN DEM›RKUﬁ added.
INFO:root:Student : 150117036 MUHAMMED ENES AKT‹RK added.
INFO:root:Student : 150119907 MUHAMMED FAT›H ÷ZTEL added.
INFO:root:Student : 150118016 MUHAMMED RAﬁ›T AYAZ added.
INFO:root:Student : 150117045 MUHAMMET «ET›NKAYA added.
INFO:root:Student : 150117053 MUHAMMET HASAN ALBAYRAK added.
INFO:root:Student : 150116020 MUHAMMET K‹RﬁAT A«IKG÷Z added.
INFO:root:Student : 150115012 MUHAMMET MUSTAFA SEL›MO–LU added.
INFO:root:Student : 150116013 MUHAMMET YAS›N TUFAN added.
INFO:root:Student : 150119634 MUSTAFA G‹REL added.
INFO:root:Student : 150112008 MUSTAFA K›BARO–LU added.
INFO:root:Student : 150119526 M‹M›N KOCAMAZ added.
INFO:root:Student : 150119933 NURHANDE AKY‹Z added.
INFO:root:Student : 150114058 O–UZHAN ERKOL added.
INFO:root:Student : 150119670 O–UZHAN TEZEL added.
INFO:root:Student : 150118049 O–UZHAN TOKER added.
INFO:root:Student : 150119658 ORHAN FAT›H BAYAZIT added.
INFO:root:Student : 150117038 OSMAN ER›KC› added.
INFO:root:Student : 150118064 OZAN YERL› added.
INFO:root:Student : 150118035 ÷MER ERKAN added.
INFO:root:Student : 150114036 ÷MER KAYA added.
INFO:root:Student : 150117008 ÷MER ÷ZT‹RK added.
INFO:root:Student : 150119559 RABIUL ISLAM added.
INFO:root:Student : 150119774 REHA ‹Z‹MC‹ added.
INFO:root:Student : 150117029 RIDVAN SAN added.
INFO:root:Student : 150117057 R‹MEYSA ÷ZT‹RK added.
INFO:root:Student : 150119693 SAMEEH N. O. KUNBARGI added.
INFO:root:Student : 150119638 SEDANUR KARA added.
INFO:root:Student : 150119652 SELAHATT›N H‹SMEN added.
INFO:root:Student : 150119895 SEL›MHAN «AKIR added.
INFO:root:Student : 150112064 SERKAN EROL added.
INFO:root:Student : 150119813 SERKAN HELVACIO–LU added.
INFO:root:Student : 150119936 SHAHZODAKHON RUSTAMOVA added.
INFO:root:Student : 150119573 S›NAN BURAK ÷ZT‹RK added.
INFO:root:Student : 150119576 S›NEM ONAL added.
INFO:root:Student : 150118062 S›NEM CEREN KONTAﬁ added.
INFO:root:Student : 150117044 SUEDA B›LEN added.
INFO:root:Student : 150117010 S‹LEYMAN AHMET S÷NMEZ added.
INFO:root:Student : 150118065 ﬁEREF KUTAY AKG‹N added.
INFO:root:Student : 150116010 ﬁ‹KR›YE SOYER added.
INFO:root:Student : 150119863 TAHA KIZMAZ added.
INFO:root:Student : 150119772 TAHA ‹Z‹MC‹ added.
INFO:root:Student : 150119585 TAHA ABDULSALAM SARHEED added.
INFO:root:Student : 150116832 TAHA CEVHER NANEC› added.
INFO:root:Student : 150119600 TAHA ENES UZUN added.
INFO:root:Student : 150118066 TALHA BAYBURTLU added.
INFO:root:Student : 150117055 TAYLAN ROJEN D÷–ER added.
INFO:root:Student : 150119829 TUGAY SARICI added.
INFO:root:Student : 150114074 TUNAHAN AYDIN added.
INFO:root:Student : 150120534 TURGUT KURAL added.
INFO:root:Student : 150117063 UBEYDULLAH F›KR› G‹NAY added.
INFO:root:Student : 150119869 UMER SELMANI added.
INFO:root:Student : 150117067 UMUT BAYRAM added.
INFO:root:Student : 150117047 VAHAP G÷ZENEL›O–LU added.
INFO:root:Student : 150116005 VEYS› ÷Z added.
INFO:root:Student : 150116058 YAS›N ÷ZDEM›R added.
INFO:root:Student : 150116006 YUNUS YILDIRIM added.
INFO:root:Student : 150119814 YUNUS AHMED STAHLSCHM›DT added.
INFO:root:Student : 150117064 YUNUS EMRE ERTUN« added.
INFO:root:Student : 150117012 YUSUF TALHA ERDEM added.
INFO:root:Student : 150119841 ZEHRA KURU added.
INFO:root:Student : 150117066 ZEKER›YA BATUHAN KARATAﬁ added.
INFO:root:Student : 150119517 ZEYNEP ALICI added.
INFO:root:Student : 150119824 ZEYNEP FERAH AKKURT added.
INFO:root:Student : 150119073 ZEYNEP NAZ AKYOKUﬁ added.
INFO:root:Student : 150119525 Z‹LK‹F ORHUN ÷ZKAYA added.
INFO:root:Student : 138315014 BELG›N TAﬁTAN added.
INFO:root:Student : 150319067 EL›F S‹NNETC› added.
INFO:root:Student : 150319673 SEVDENUR GEN« added.
INFO:root:Student : 150111037 MEHMET TARIK D‹Z added.
INFO:root:Student : 150112010 YUNUS EMRE OCAK added.
INFO:root:Answer Key : CSE3063_Mon_zoom_PollAnswer13.csv added.
INFO:root:Answer Key : CSE3063_Mon_zoom_PollAnswer14.csv added.
INFO:root:Answer Key : CSE3063_Tue_zoom_PollAnswer16.csv added.
INFO:root:Answer Key : CSE3063_Tue_zoom_PollAnswer17.csv added.
INFO:root:Answer Key : CSE3063_Tue_zoom_PollAnswer18.csv added.
INFO:root:Answer Key : CSE3063__Mon_zoom_PollAnswer1.csv added.
INFO:root:Answer Key : CSE3063__Mon_zoom_PollAnswer10.csv added.
INFO:root:Answer Key : CSE3063__Mon_zoom_PollAnswer11.csv added.
INFO:root:Answer Key : CSE3063__Mon_zoom_PollAnswer15.csv added.
INFO:root:Answer Key : CSE3063__Mon_zoom_PollAnswer2.csv added.
INFO:root:Answer Key : CSE3063__Mon_zoom_PollAnswer3.csv added.
INFO:root:Answer Key : CSE3063__Mon_zoom_PollAnswer4.csv added.
INFO:root:Answer Key : CSE3063__Mon_zoom_PollAnswer5.csv added.
INFO:root:Answer Key : CSE3063__Mon_zoom_PollAnswer6.csv added.
INFO:root:Answer Key : CSE3063__Mon_zoom_PollAnswer7.csv added.
INFO:root:Answer Key : CSE3063__Mon_zoom_PollAnswer8.csv added.
INFO:root:Answer Key : CSE3063__Mon_zoom_PollAnswer9.csv added.
INFO:root:Poll : 94502073867_PollReport (1).csv added.
INFO:root:Poll : 94502073867_PollReport (12).csv added.
INFO:root:Poll : 94502073867_PollReport (14).csv added.
INFO:root:Poll : 94502073867_PollReport (16).csv added.
INFO:root:Poll : 94502073867_PollReport (17).csv added.
INFO:root:Poll : 94502073867_PollReport (20).csv added.
INFO:root:Poll : 94502073867_PollReport (21).csv added.
INFO:root:Poll : 94502073867_PollReport (22).csv added.
INFO:root:Poll : 94502073867_PollReport (3).csv added.
INFO:root:Poll : 94502073867_PollReport (5).csv added.
INFO:root:Poll : 94502073867_PollReport (7).csv added.
INFO:root:Poll : 94502073867_PollReport (8).csv added.
INFO:root:Poll : 94502073867_PollReport (9).csv added.
INFO:root:Poll : 94502073867_PollReport_18-01-2021.csv added.
INFO:root:Poll : 94502073867_PollReport_19-10-2020.csv added.
INFO:root:Poll : 94502073867_PollReport_26-10-2020.csv added.
INFO:root:Poll : 97056655049_PollReport (1).csv added.
INFO:root:Poll : 97056655049_PollReport (10).csv added.
INFO:root:Poll : 97056655049_PollReport (15).csv added.
INFO:root:Poll : 97056655049_PollReport (16).csv added.
INFO:root:Poll : 97056655049_PollReport (23).csv added.
INFO:root:Poll : 97056655049_PollReport (27).csv added.
INFO:root:Poll : 97056655049_PollReport (28).csv added.
INFO:root:Poll : 97056655049_PollReport (3).csv added.
INFO:root:Poll : 97056655049_PollReport (4).csv added.
INFO:root:Poll : 97056655049_PollReport (6).csv added.
INFO:root:Poll : 97056655049_PollReport_12-01-2021.csv added.
INFO:root:Poll : 97056655049_PollReport_20-10-2020.csv added.
INFO:root:Student : 150119674 ABBAS KUTAY added.
INFO:root:Student : 150115061 ABBAS G÷KTU– YILMAZ added.
INFO:root:Student : 150115856 ABDUL KER›M BOYACI added.
INFO:root:Student : 150119598 ABDULHAL›K ﬁENS›N added.
INFO:root:Student : 150117059 ABDULLAH CANSIZ added.
INFO:root:Student : 150118036 ABDULLAH EMRE AYDEM›R added.
INFO:root:Student : 150115065 ABD‹LKAD›R ASLAN added.
INFO:root:Student : 150119778 AHMAD ASAAD added.
INFO:root:Student : 150118018 AHMED HAM› ORAK added.
INFO:root:Student : 150118038 AHMET AKIL added.
INFO:root:Student : 150119702 AHMET GEZM›ﬁO–LU added.
INFO:root:Student : 150117018 AHMET ÷NKOL added.
INFO:root:Student : 150117046 AHMET TURGUT added.
INFO:root:Student : 150118508 AHMET «A–RI HODO–LUG›L added.
INFO:root:Student : 150116024 AHMET ELBURUZ G‹RB‹Z added.
INFO:root:Student : 150117056 AHMET EM›RHAN BAKKAL added.
INFO:root:Student : 150117031 AHMET FARUK YILMAZ added.
INFO:root:Student : 150119660 AHMET FAT›H Y‹KSEL added.
INFO:root:Student : 150119522 AHMET FAZIL EM›R added.
INFO:root:Student : 150117060 AHMET HAKAN ﬁ›MﬁEK added.
INFO:root:Student : 150116025 AHMET HAMZA DEM›R added.
INFO:root:Student : 150119609 AHMET HARUN TOKYER added.
INFO:root:Student : 150119842 AHMET KEREM AKPINAR added.
INFO:root:Student : 150118054 AHMET ONAT ÷ZALAN added.
INFO:root:Student : 150119722 AHMET TAYY›B MENG‹« added.
INFO:root:Student : 150119870 ALI REZA IBRAHIMZADA added.
INFO:root:Student : 150119606 AL› «ET›NKAYA added.
INFO:root:Student : 150115029 AL› ANIL REYHAN added.
INFO:root:Student : 150119554 AL› BATUHAN YAMANARSLAN added.
INFO:root:Student : 150114043 AL› BEYTULLAH ÷ZKAN added.
INFO:root:Student : 150117040 AL› ONUR ASLAN added.
INFO:root:Student : 150116057 ALPARSLAN K÷PR‹L‹ added.
INFO:root:Student : 150119746 ALPER DOKAY added.
INFO:root:Student : 150117035 ALPEREN K÷KER added.
INFO:root:Student : 150119608 ALPEREN KA–AN KARA added.
INFO:root:Student : 150119562 AMELA KARMAJ added.
INFO:root:Student : 150117023 ANIL ﬁENAY added.
INFO:root:Student : 150117006 ARDA Y›–›T KAYNAR added.
INFO:root:Student : 150119678 ASAF TALHA G‹LTEK›N added.
INFO:root:Student : 150119688 ASEM OKBY added.
INFO:root:Student : 150119640 AYBERK ÷MER ALTUNTABAK added.
INFO:root:Student : 150119752 AY«A ›D›L KAYA added.
INFO:root:Student : 150118981 AYDIN DUYGU added.
INFO:root:Student : 150115854 AYKUT BAﬁY›–›T added.
INFO:root:Student : 150117026 AYﬁENUR KARAHASAN added.
INFO:root:Student : 150116038 BERAN EGE ﬁENOL added.
INFO:root:Student : 150117014 BERK ENG›N added.
INFO:root:Student : 150117052 BERK YILDIZ added.
INFO:root:Student : 150117003 BERKAY DEN›Z added.
INFO:root:Student : 150119577 BERKE ﬁAH›N added.
INFO:root:Student : 150117034 BERRA MERCAN added.
INFO:root:Student : 150117030 BEYZA AYDO–AN added.
INFO:root:Student : 150119630 B›LAL TAN added.
INFO:root:Student : 150117072 B›LGEHAN GE«›C› added.
INFO:root:Student : 150119596 BURAK F›DAN added.
INFO:root:Student : 150117058 B‹ﬁRA A–DACI added.
INFO:root:Student : 150119819 B‹ﬁRA B÷REKC› G‹RLER added.
INFO:root:Student : 150119886 CAFER SADIK Y‹KSELO–LU added.
INFO:root:Student : 150118004 CAN KARATEPE added.
INFO:root:Student : 150117021 CENK KAAN KANAR added.
INFO:root:Student : 150113030 «A–ATAY USLU added.
INFO:root:Student : 150119686 DIALA JASSEM MOHAMMAD BADER JUBEH DIALA JASSEM MOHAMMAD BADER JUBEH added.
INFO:root:Student : 150112034 DUYGU YAS›NO–LU added.
INFO:root:Student : 150119728 ECEM «EﬁMEC›LER added.
INFO:root:Student : 150117007 EDANUR ÷ZT‹RK added.
INFO:root:Student : 150117017 EFE BERKE ERKESK›N added.
INFO:root:Student : 150117510 EL›F G÷KPINAR added.
INFO:root:Student : 150119524 EM›N KA–AN KADIO–LU added.
INFO:root:Student : 150119601 EM›N SAFA TOK added.
INFO:root:Student : 150119672 EM›R BU–RA KILI« added.
INFO:root:Student : 150119900 EMRE OKUL added.
INFO:root:Student : 150116034 ENES GAR›P added.
INFO:root:Student : 150118501 ENG›N BEKTAﬁ added.
INFO:root:Student : 150118510 ERDEM A«ILDI added.
INFO:root:Student : 150117043 ERDEM A–CA added.
INFO:root:Student : 150117905 ERHAN YALNIZ added.
INFO:root:Student : 150115841 ERMAN KUNDAKCIO–LU added.
INFO:root:Student : 150119529 ESRAA ISMAIL TAHA TURKY ESRAA ISMAIL TAHA TURKY added.
INFO:root:Student : 150117009 EYMEN TOP«UO–LU added.
INFO:root:Student : 150119903 EY‹P ÷ZKUL added.
INFO:root:Student : 150117042 EZG› DO–RUER added.
INFO:root:Student : 150119544 FAROUK TIJJANI MOHAMMED DERIBE added.
INFO:root:Student : 150117032 FAT›H AKG‹ND‹Z added.
INFO:root:Student : 150117048 FAT›H BAﬁ added.
INFO:root:Student : 150118034 FAT›H EM›N ÷GE added.
INFO:root:Student : 150115028 FAT›H MURAT KARAKAYA added.
INFO:root:Student : 150117033 FEYZA NUR BULGURCU added.
INFO:root:Student : 150119605 FURKAN AKMAN added.
INFO:root:Student : 150118013 G÷KBERK «EL›KMASAT added.
INFO:root:Student : 150117004 G‹NEﬁ Y‹ZAK added.
INFO:root:Student : 150119620 HAFSA ULUSAL added.
INFO:root:Student : 150116031 HAKAN ÷ZER added.
INFO:root:Student : 150119820 HAL›L DEM›R added.
INFO:root:Student : 150117019 HAMZA T‹RKMEN added.
INFO:root:Student : 150119626 HARUN SARI added.
INFO:root:Student : 150118882 HASANCAN ÷ZEN added.
INFO:root:Student : 150119593 HAYRULLAH «A–IL added.
INFO:root:Student : 150119561 HAYTHAM ABDEL GHANI ABDEL NABI added.
INFO:root:Student : 150119700 HUZEYFE AYAZ added.
INFO:root:Student : 150119662 H‹SEY›N DEM›R added.
INFO:root:Student : 150118072 ›NSAF ÷ZGE BERKTAﬁ added.
INFO:root:Student : 150115034 ›REM SAYG›N added.
INFO:root:Student : 150116036 ›SMA›L ERTAN SARIHAN added.
INFO:root:Student : 150117061 ›SRA NUR ALPEREN added.
INFO:root:Student : 150117005 KAD›R ACUN added.
INFO:root:Student : 150113010 KEMAL CAN BOZKURT added.
INFO:root:Student : 150119563 KHALED AHMED MOSTAFA MOHAMED YASSEN added.
INFO:root:Student : 150117037 KORAY EMRE ﬁENEL added.
INFO:root:Student : 150118071 LARA G‹LS‹M ﬁEN added.
INFO:root:Student : 150118506 MAHMUT SALMAN added.
INFO:root:Student : 150117024 MAHMUT H›LM› ARIKMERT added.
INFO:root:Student : 150119893 MEHMET YILMAZ added.
INFO:root:Student : 150117022 MEHMET AL› G÷Z‹KIZIL added.
INFO:root:Student : 150117013 MEHMET AL› Y‹KSEL added.
INFO:root:Student : 150118504 MEHMET ETKA UZUN added.
INFO:root:Student : 150119654 MEHMET NUSRET ODABAﬁI added.
INFO:root:Student : 150114006 MEHMET SOYKAN MUTLU added.
INFO:root:Student : 150118070 MEL›K «A–AN ODUNCUO–LU added.
INFO:root:Student : 150119584 MERT MENG‹ added.
INFO:root:Student : 150116011 MERTKAN TURAN added.
INFO:root:Student : 150114858 MERVE ﬁAH›N added.
INFO:root:Student : 150119825 MERVE RANA KIZIL added.
INFO:root:Student : 150117025 MEVL‹T EREN TOPAL added.
INFO:root:Student : 150116021 M›KA›L TORUN added.
INFO:root:Student : 150119938 MUHAMMAD ISMAIL added.
INFO:root:Student : 150115003 MUHAMMED ADEM EVREN DEM›RKUﬁ added.
INFO:root:Student : 150117036 MUHAMMED ENES AKT‹RK added.
INFO:root:Student : 150119907 MUHAMMED FAT›H ÷ZTEL added.
INFO:root:Student : 150118016 MUHAMMED RAﬁ›T AYAZ added.
INFO:root:Student : 150117045 MUHAMMET «ET›NKAYA added.
INFO:root:Student : 150117053 MUHAMMET HASAN ALBAYRAK added.
INFO:root:Student : 150116020 MUHAMMET K‹RﬁAT A«IKG÷Z added.
INFO:root:Student : 150115012 MUHAMMET MUSTAFA SEL›MO–LU added.
INFO:root:Student : 150116013 MUHAMMET YAS›N TUFAN added.
INFO:root:Student : 150119634 MUSTAFA G‹REL added.
INFO:root:Student : 150112008 MUSTAFA K›BARO–LU added.
INFO:root:Student : 150119526 M‹M›N KOCAMAZ added.
INFO:root:Student : 150119933 NURHANDE AKY‹Z added.
INFO:root:Student : 150114058 O–UZHAN ERKOL added.
INFO:root:Student : 150119670 O–UZHAN TEZEL added.
INFO:root:Student : 150118049 O–UZHAN TOKER added.
INFO:root:Student : 150119658 ORHAN FAT›H BAYAZIT added.
INFO:root:Student : 150117038 OSMAN ER›KC› added.
INFO:root:Student : 150118064 OZAN YERL› added.
INFO:root:Student : 150118035 ÷MER ERKAN added.
INFO:root:Student : 150114036 ÷MER KAYA added.
INFO:root:Student : 150117008 ÷MER ÷ZT‹RK added.
INFO:root:Student : 150119559 RABIUL ISLAM added.
INFO:root:Student : 150119774 REHA ‹Z‹MC‹ added.
INFO:root:Student : 150117029 RIDVAN SAN added.
INFO:root:Student : 150117057 R‹MEYSA ÷ZT‹RK added.
INFO:root:Student : 150119693 SAMEEH N. O. KUNBARGI added.
INFO:root:Student : 150119638 SEDANUR KARA added.
INFO:root:Student : 150119652 SELAHATT›N H‹SMEN added.
INFO:root:Student : 150119895 SEL›MHAN «AKIR added.
INFO:root:Student : 150112064 SERKAN EROL added.
INFO:root:Student : 150119813 SERKAN HELVACIO–LU added.
INFO:root:Student : 150119936 SHAHZODAKHON RUSTAMOVA added.
INFO:root:Student : 150119573 S›NAN BURAK ÷ZT‹RK added.
INFO:root:Student : 150119576 S›NEM ONAL added.
INFO:root:Student : 150118062 S›NEM CEREN KONTAﬁ added.
INFO:root:Student : 150117044 SUEDA B›LEN added.
INFO:root:Student : 150117010 S‹LEYMAN AHMET S÷NMEZ added.
INFO:root:Student : 150118065 ﬁEREF KUTAY AKG‹N added.
INFO:root:Student : 150116010 ﬁ‹KR›YE SOYER added.
INFO:root:Student : 150119863 TAHA KIZMAZ added.
INFO:root:Student : 150119772 TAHA ‹Z‹MC‹ added.
INFO:root:Student : 150119585 TAHA ABDULSALAM SARHEED added.
INFO:root:Student : 150116832 TAHA CEVHER NANEC› added.
INFO:root:Student : 150119600 TAHA ENES UZUN added.
INFO:root:Student : 150118066 TALHA BAYBURTLU added.
INFO:root:Student : 150117055 TAYLAN ROJEN D÷–ER added.
INFO:root:Student : 150119829 TUGAY SARICI added.
INFO:root:Student : 150114074 TUNAHAN AYDIN added.
INFO:root:Student : 150120534 TURGUT KURAL added.
INFO:root:Student : 150117063 UBEYDULLAH F›KR› G‹NAY added.
INFO:root:Student : 150119869 UMER SELMANI added.
INFO:root:Student : 150117067 UMUT BAYRAM added.
INFO:root:Student : 150117047 VAHAP G÷ZENEL›O–LU added.
INFO:root:Student : 150116005 VEYS› ÷Z added.
INFO:root:Student : 150116058 YAS›N ÷ZDEM›R added.
INFO:root:Student : 150116006 YUNUS YILDIRIM added.
INFO:root:Student : 150119814 YUNUS AHMED STAHLSCHM›DT added.
INFO:root:Student : 150117064 YUNUS EMRE ERTUN« added.
INFO:root:Student : 150117012 YUSUF TALHA ERDEM added.
INFO:root:Student : 150119841 ZEHRA KURU added.
INFO:root:Student : 150117066 ZEKER›YA BATUHAN KARATAﬁ added.
INFO:root:Student : 150119517 ZEYNEP ALICI added.
INFO:root:Student : 150119824 ZEYNEP FERAH AKKURT added.
INFO:root:Student : 150119073 ZEYNEP NAZ AKYOKUﬁ added.
INFO:root:Student : 150119525 Z‹LK‹F ORHUN ÷ZKAYA added.
INFO:root:Student : 138315014 BELG›N TAﬁTAN added.
INFO:root:Student : 150319067 EL›F S‹NNETC› added.
INFO:root:Student : 150319673 SEVDENUR GEN« added.
INFO:root:Student : 150111037 MEHMET TARIK D‹Z added.
INFO:root:Student : 150112010 YUNUS EMRE OCAK added.
INFO:root:Answer Key : CSE3063_Mon_zoom_PollAnswer13.csv added.
INFO:root:Answer Key : CSE3063_Mon_zoom_PollAnswer14.csv added.
INFO:root:Answer Key : CSE3063_Tue_zoom_PollAnswer16.csv added.
INFO:root:Answer Key : CSE3063_Tue_zoom_PollAnswer17.csv added.
INFO:root:Answer Key : CSE3063_Tue_zoom_PollAnswer18.csv added.
INFO:root:Answer Key : CSE3063__Mon_zoom_PollAnswer1.csv added.
INFO:root:Answer Key : CSE3063__Mon_zoom_PollAnswer10.csv added.
INFO:root:Answer Key : CSE3063__Mon_zoom_PollAnswer11.csv added.
INFO:root:Answer Key : CSE3063__Mon_zoom_PollAnswer15.csv added.
INFO:root:Answer Key : CSE3063__Mon_zoom_PollAnswer2.csv added.
INFO:root:Answer Key : CSE3063__Mon_zoom_PollAnswer3.csv added.
INFO:root:Answer Key : CSE3063__Mon_zoom_PollAnswer4.csv added.
INFO:root:Answer Key : CSE3063__Mon_zoom_PollAnswer5.csv added.
INFO:root:Answer Key : CSE3063__Mon_zoom_PollAnswer6.csv added.
INFO:root:Answer Key : CSE3063__Mon_zoom_PollAnswer7.csv added.
INFO:root:Answer Key : CSE3063__Mon_zoom_PollAnswer8.csv added.
INFO:root:Answer Key : CSE3063__Mon_zoom_PollAnswer9.csv added.
INFO:root:Poll : 94502073867_PollReport (1).csv added.
INFO:root:Poll : 94502073867_PollReport (12).csv added.
INFO:root:Poll : 94502073867_PollReport (14).csv added.
INFO:root:Poll : 94502073867_PollReport (16).csv added.
INFO:root:Poll : 94502073867_PollReport (17).csv added.
INFO:root:Poll : 94502073867_PollReport (20).csv added.
INFO:root:Poll : 94502073867_PollReport (21).csv added.
INFO:root:Poll : 94502073867_PollReport (22).csv added.
INFO:root:Poll : 94502073867_PollReport (3).csv added.
INFO:root:Poll : 94502073867_PollReport (5).csv added.
INFO:root:Poll : 94502073867_PollReport (7).csv added.
INFO:root:Poll : 94502073867_PollReport (8).csv added.
INFO:root:Poll : 94502073867_PollReport (9).csv added.
INFO:root:Poll : 94502073867_PollReport_18-01-2021.csv added.
INFO:root:Poll : 94502073867_PollReport_19-10-2020.csv added.
INFO:root:Poll : 94502073867_PollReport_26-10-2020.csv added.
INFO:root:Poll : 97056655049_PollReport (1).csv added.
INFO:root:Poll : 97056655049_PollReport (10).csv added.
INFO:root:Poll : 97056655049_PollReport (15).csv added.
INFO:root:Poll : 97056655049_PollReport (16).csv added.
INFO:root:Poll : 97056655049_PollReport (23).csv added.
INFO:root:Poll : 97056655049_PollReport (27).csv added.
INFO:root:Poll : 97056655049_PollReport (28).csv added.
INFO:root:Poll : 97056655049_PollReport (3).csv added.
INFO:root:Poll : 97056655049_PollReport (4).csv added.
INFO:root:Poll : 97056655049_PollReport (6).csv added.
INFO:root:Poll : 97056655049_PollReport_12-01-2021.csv added.
INFO:root:Poll : 97056655049_PollReport_20-10-2020.csv added.
INFO:root:Student : 150119674 ABBAS KUTAY added.
INFO:root:Student : 150115061 ABBAS G÷KTU– YILMAZ added.
INFO:root:Student : 150115856 ABDUL KER›M BOYACI added.
INFO:root:Student : 150119598 ABDULHAL›K ﬁENS›N added.
INFO:root:Student : 150117059 ABDULLAH CANSIZ added.
INFO:root:Student : 150118036 ABDULLAH EMRE AYDEM›R added.
INFO:root:Student : 150115065 ABD‹LKAD›R ASLAN added.
INFO:root:Student : 150119778 AHMAD ASAAD added.
INFO:root:Student : 150118018 AHMED HAM› ORAK added.
INFO:root:Student : 150118038 AHMET AKIL added.
INFO:root:Student : 150119702 AHMET GEZM›ﬁO–LU added.
INFO:root:Student : 150117018 AHMET ÷NKOL added.
INFO:root:Student : 150117046 AHMET TURGUT added.
INFO:root:Student : 150118508 AHMET «A–RI HODO–LUG›L added.
INFO:root:Student : 150116024 AHMET ELBURUZ G‹RB‹Z added.
INFO:root:Student : 150117056 AHMET EM›RHAN BAKKAL added.
INFO:root:Student : 150117031 AHMET FARUK YILMAZ added.
INFO:root:Student : 150119660 AHMET FAT›H Y‹KSEL added.
INFO:root:Student : 150119522 AHMET FAZIL EM›R added.
INFO:root:Student : 150117060 AHMET HAKAN ﬁ›MﬁEK added.
INFO:root:Student : 150116025 AHMET HAMZA DEM›R added.
INFO:root:Student : 150119609 AHMET HARUN TOKYER added.
INFO:root:Student : 150119842 AHMET KEREM AKPINAR added.
INFO:root:Student : 150118054 AHMET ONAT ÷ZALAN added.
INFO:root:Student : 150119722 AHMET TAYY›B MENG‹« added.
INFO:root:Student : 150119870 ALI REZA IBRAHIMZADA added.
INFO:root:Student : 150119606 AL› «ET›NKAYA added.
INFO:root:Student : 150115029 AL› ANIL REYHAN added.
INFO:root:Student : 150119554 AL› BATUHAN YAMANARSLAN added.
INFO:root:Student : 150114043 AL› BEYTULLAH ÷ZKAN added.
INFO:root:Student : 150117040 AL› ONUR ASLAN added.
INFO:root:Student : 150116057 ALPARSLAN K÷PR‹L‹ added.
INFO:root:Student : 150119746 ALPER DOKAY added.
INFO:root:Student : 150117035 ALPEREN K÷KER added.
INFO:root:Student : 150119608 ALPEREN KA–AN KARA added.
INFO:root:Student : 150119562 AMELA KARMAJ added.
INFO:root:Student : 150117023 ANIL ﬁENAY added.
INFO:root:Student : 150117006 ARDA Y›–›T KAYNAR added.
INFO:root:Student : 150119678 ASAF TALHA G‹LTEK›N added.
INFO:root:Student : 150119688 ASEM OKBY added.
INFO:root:Student : 150119640 AYBERK ÷MER ALTUNTABAK added.
INFO:root:Student : 150119752 AY«A ›D›L KAYA added.
INFO:root:Student : 150118981 AYDIN DUYGU added.
INFO:root:Student : 150115854 AYKUT BAﬁY›–›T added.
INFO:root:Student : 150117026 AYﬁENUR KARAHASAN added.
INFO:root:Student : 150116038 BERAN EGE ﬁENOL added.
INFO:root:Student : 150117014 BERK ENG›N added.
INFO:root:Student : 150117052 BERK YILDIZ added.
INFO:root:Student : 150117003 BERKAY DEN›Z added.
INFO:root:Student : 150119577 BERKE ﬁAH›N added.
INFO:root:Student : 150117034 BERRA MERCAN added.
INFO:root:Student : 150117030 BEYZA AYDO–AN added.
INFO:root:Student : 150119630 B›LAL TAN added.
INFO:root:Student : 150117072 B›LGEHAN GE«›C› added.
INFO:root:Student : 150119596 BURAK F›DAN added.
INFO:root:Student : 150117058 B‹ﬁRA A–DACI added.
INFO:root:Student : 150119819 B‹ﬁRA B÷REKC› G‹RLER added.
INFO:root:Student : 150119886 CAFER SADIK Y‹KSELO–LU added.
INFO:root:Student : 150118004 CAN KARATEPE added.
INFO:root:Student : 150117021 CENK KAAN KANAR added.
INFO:root:Student : 150113030 «A–ATAY USLU added.
INFO:root:Student : 150119686 DIALA JASSEM MOHAMMAD BADER JUBEH DIALA JASSEM MOHAMMAD BADER JUBEH added.
INFO:root:Student : 150112034 DUYGU YAS›NO–LU added.
INFO:root:Student : 150119728 ECEM «EﬁMEC›LER added.
INFO:root:Student : 150117007 EDANUR ÷ZT‹RK added.
INFO:root:Student : 150117017 EFE BERKE ERKESK›N added.
INFO:root:Student : 150117510 EL›F G÷KPINAR added.
INFO:root:Student : 150119524 EM›N KA–AN KADIO–LU added.
INFO:root:Student : 150119601 EM›N SAFA TOK added.
INFO:root:Student : 150119672 EM›R BU–RA KILI« added.
INFO:root:Student : 150119900 EMRE OKUL added.
INFO:root:Student : 150116034 ENES GAR›P added.
INFO:root:Student : 150118501 ENG›N BEKTAﬁ added.
INFO:root:Student : 150118510 ERDEM A«ILDI added.
INFO:root:Student : 150117043 ERDEM A–CA added.
INFO:root:Student : 150117905 ERHAN YALNIZ added.
INFO:root:Student : 150115841 ERMAN KUNDAKCIO–LU added.
INFO:root:Student : 150119529 ESRAA ISMAIL TAHA TURKY ESRAA ISMAIL TAHA TURKY added.
INFO:root:Student : 150117009 EYMEN TOP«UO–LU added.
INFO:root:Student : 150119903 EY‹P ÷ZKUL added.
INFO:root:Student : 150117042 EZG› DO–RUER added.
INFO:root:Student : 150119544 FAROUK TIJJANI MOHAMMED DERIBE added.
INFO:root:Student : 150117032 FAT›H AKG‹ND‹Z added.
INFO:root:Student : 150117048 FAT›H BAﬁ added.
INFO:root:Student : 150118034 FAT›H EM›N ÷GE added.
INFO:root:Student : 150115028 FAT›H MURAT KARAKAYA added.
INFO:root:Student : 150117033 FEYZA NUR BULGURCU added.
INFO:root:Student : 150119605 FURKAN AKMAN added.
INFO:root:Student : 150118013 G÷KBERK «EL›KMASAT added.
INFO:root:Student : 150117004 G‹NEﬁ Y‹ZAK added.
INFO:root:Student : 150119620 HAFSA ULUSAL added.
INFO:root:Student : 150116031 HAKAN ÷ZER added.
INFO:root:Student : 150119820 HAL›L DEM›R added.
INFO:root:Student : 150117019 HAMZA T‹RKMEN added.
INFO:root:Student : 150119626 HARUN SARI added.
INFO:root:Student : 150118882 HASANCAN ÷ZEN added.
INFO:root:Student : 150119593 HAYRULLAH «A–IL added.
INFO:root:Student : 150119561 HAYTHAM ABDEL GHANI ABDEL NABI added.
INFO:root:Student : 150119700 HUZEYFE AYAZ added.
INFO:root:Student : 150119662 H‹SEY›N DEM›R added.
INFO:root:Student : 150118072 ›NSAF ÷ZGE BERKTAﬁ added.
INFO:root:Student : 150115034 ›REM SAYG›N added.
INFO:root:Student : 150116036 ›SMA›L ERTAN SARIHAN added.
INFO:root:Student : 150117061 ›SRA NUR ALPEREN added.
INFO:root:Student : 150117005 KAD›R ACUN added.
INFO:root:Student : 150113010 KEMAL CAN BOZKURT added.
INFO:root:Student : 150119563 KHALED AHMED MOSTAFA MOHAMED YASSEN added.
INFO:root:Student : 150117037 KORAY EMRE ﬁENEL added.
INFO:root:Student : 150118071 LARA G‹LS‹M ﬁEN added.
INFO:root:Student : 150118506 MAHMUT SALMAN added.
INFO:root:Student : 150117024 MAHMUT H›LM› ARIKMERT added.
INFO:root:Student : 150119893 MEHMET YILMAZ added.
INFO:root:Student : 150117022 MEHMET AL› G÷Z‹KIZIL added.
INFO:root:Student : 150117013 MEHMET AL› Y‹KSEL added.
INFO:root:Student : 150118504 MEHMET ETKA UZUN added.
INFO:root:Student : 150119654 MEHMET NUSRET ODABAﬁI added.
INFO:root:Student : 150114006 MEHMET SOYKAN MUTLU added.
INFO:root:Student : 150118070 MEL›K «A–AN ODUNCUO–LU added.
INFO:root:Student : 150119584 MERT MENG‹ added.
INFO:root:Student : 150116011 MERTKAN TURAN added.
INFO:root:Student : 150114858 MERVE ﬁAH›N added.
INFO:root:Student : 150119825 MERVE RANA KIZIL added.
INFO:root:Student : 150117025 MEVL‹T EREN TOPAL added.
INFO:root:Student : 150116021 M›KA›L TORUN added.
INFO:root:Student : 150119938 MUHAMMAD ISMAIL added.
INFO:root:Student : 150115003 MUHAMMED ADEM EVREN DEM›RKUﬁ added.
INFO:root:Student : 150117036 MUHAMMED ENES AKT‹RK added.
INFO:root:Student : 150119907 MUHAMMED FAT›H ÷ZTEL added.
INFO:root:Student : 150118016 MUHAMMED RAﬁ›T AYAZ added.
INFO:root:Student : 150117045 MUHAMMET «ET›NKAYA added.
INFO:root:Student : 150117053 MUHAMMET HASAN ALBAYRAK added.
INFO:root:Student : 150116020 MUHAMMET K‹RﬁAT A«IKG÷Z added.
INFO:root:Student : 150115012 MUHAMMET MUSTAFA SEL›MO–LU added.
INFO:root:Student : 150116013 MUHAMMET YAS›N TUFAN added.
INFO:root:Student : 150119634 MUSTAFA G‹REL added.
INFO:root:Student : 150112008 MUSTAFA K›BARO–LU added.
INFO:root:Student : 150119526 M‹M›N KOCAMAZ added.
INFO:root:Student : 150119933 NURHANDE AKY‹Z added.
INFO:root:Student : 150114058 O–UZHAN ERKOL added.
INFO:root:Student : 150119670 O–UZHAN TEZEL added.
INFO:root:Student : 150118049 O–UZHAN TOKER added.
INFO:root:Student : 150119658 ORHAN FAT›H BAYAZIT added.
INFO:root:Student : 150117038 OSMAN ER›KC› added.
INFO:root:Student : 150118064 OZAN YERL› added.
INFO:root:Student : 150118035 ÷MER ERKAN added.
INFO:root:Student : 150114036 ÷MER KAYA added.
INFO:root:Student : 150117008 ÷MER ÷ZT‹RK added.
INFO:root:Student : 150119559 RABIUL ISLAM added.
INFO:root:Student : 150119774 REHA ‹Z‹MC‹ added.
INFO:root:Student : 150117029 RIDVAN SAN added.
INFO:root:Student : 150117057 R‹MEYSA ÷ZT‹RK added.
INFO:root:Student : 150119693 SAMEEH N. O. KUNBARGI added.
INFO:root:Student : 150119638 SEDANUR KARA added.
INFO:root:Student : 150119652 SELAHATT›N H‹SMEN added.
INFO:root:Student : 150119895 SEL›MHAN «AKIR added.
INFO:root:Student : 150112064 SERKAN EROL added.
INFO:root:Student : 150119813 SERKAN HELVACIO–LU added.
INFO:root:Student : 150119936 SHAHZODAKHON RUSTAMOVA added.
INFO:root:Student : 150119573 S›NAN BURAK ÷ZT‹RK added.
INFO:root:Student : 150119576 S›NEM ONAL added.
INFO:root:Student : 150118062 S›NEM CEREN KONTAﬁ added.
INFO:root:Student : 150117044 SUEDA B›LEN added.
INFO:root:Student : 150117010 S‹LEYMAN AHMET S÷NMEZ added.
INFO:root:Student : 150118065 ﬁEREF KUTAY AKG‹N added.
INFO:root:Student : 150116010 ﬁ‹KR›YE SOYER added.
INFO:root:Student : 150119863 TAHA KIZMAZ added.
INFO:root:Student : 150119772 TAHA ‹Z‹MC‹ added.
INFO:root:Student : 150119585 TAHA ABDULSALAM SARHEED added.
INFO:root:Student : 150116832 TAHA CEVHER NANEC› added.
INFO:root:Student : 150119600 TAHA ENES UZUN added.
INFO:root:Student : 150118066 TALHA BAYBURTLU added.
INFO:root:Student : 150117055 TAYLAN ROJEN D÷–ER added.
INFO:root:Student : 150119829 TUGAY SARICI added.
INFO:root:Student : 150114074 TUNAHAN AYDIN added.
INFO:root:Student : 150120534 TURGUT KURAL added.
INFO:root:Student : 150117063 UBEYDULLAH F›KR› G‹NAY added.
INFO:root:Student : 150119869 UMER SELMANI added.
INFO:root:Student : 150117067 UMUT BAYRAM added.
INFO:root:Student : 150117047 VAHAP G÷ZENEL›O–LU added.
INFO:root:Student : 150116005 VEYS› ÷Z added.
INFO:root:Student : 150116058 YAS›N ÷ZDEM›R added.
INFO:root:Student : 150116006 YUNUS YILDIRIM added.
INFO:root:Student : 150119814 YUNUS AHMED STAHLSCHM›DT added.
INFO:root:Student : 150117064 YUNUS EMRE ERTUN« added.
INFO:root:Student : 150117012 YUSUF TALHA ERDEM added.
INFO:root:Student : 150119841 ZEHRA KURU added.
INFO:root:Student : 150117066 ZEKER›YA BATUHAN KARATAﬁ added.
INFO:root:Student : 150119517 ZEYNEP ALICI added.
INFO:root:Student : 150119824 ZEYNEP FERAH AKKURT added.
INFO:root:Student : 150119073 ZEYNEP NAZ AKYOKUﬁ added.
INFO:root:Student : 150119525 Z‹LK‹F ORHUN ÷ZKAYA added.
INFO:root:Student : 138315014 BELG›N TAﬁTAN added.
INFO:root:Student : 150319067 EL›F S‹NNETC› added.
INFO:root:Student : 150319673 SEVDENUR GEN« added.
INFO:root:Student : 150111037 MEHMET TARIK D‹Z added.
INFO:root:Student : 150112010 YUNUS EMRE OCAK added.
INFO:root:Answer Key : CSE3063_Mon_zoom_PollAnswer13.csv added.
INFO:root:Answer Key : CSE3063_Mon_zoom_PollAnswer14.csv added.
INFO:root:Answer Key : CSE3063_Tue_zoom_PollAnswer16.csv added.
INFO:root:Answer Key : CSE3063_Tue_zoom_PollAnswer17.csv added.
INFO:root:Answer Key : CSE3063_Tue_zoom_PollAnswer18.csv added.
INFO:root:Answer Key : CSE3063__Mon_zoom_PollAnswer1.csv added.
INFO:root:Answer Key : CSE3063__Mon_zoom_PollAnswer10.csv added.
INFO:root:Answer Key : CSE3063__Mon_zoom_PollAnswer11.csv added.
INFO:root:Answer Key : CSE3063__Mon_zoom_PollAnswer15.csv added.
INFO:root:Answer Key : CSE3063__Mon_zoom_PollAnswer2.csv added.
INFO:root:Answer Key : CSE3063__Mon_zoom_PollAnswer3.csv added.
INFO:root:Answer Key : CSE3063__Mon_zoom_PollAnswer4.csv added.
INFO:root:Answer Key : CSE3063__Mon_zoom_PollAnswer5.csv added.
INFO:root:Answer Key : CSE3063__Mon_zoom_PollAnswer6.csv added.
INFO:root:Answer Key : CSE3063__Mon_zoom_PollAnswer7.csv added.
INFO:root:Answer Key : CSE3063__Mon_zoom_PollAnswer8.csv added.
INFO:root:Answer Key : CSE3063__Mon_zoom_PollAnswer9.csv added.
INFO:root:Poll : 94502073867_PollReport (1).csv added.
INFO:root:Poll : 94502073867_PollReport (12).csv added.
INFO:root:Poll : 94502073867_PollReport (14).csv added.
INFO:root:Poll : 94502073867_PollReport (16).csv added.
INFO:root:Poll : 94502073867_PollReport (17).csv added.
INFO:root:Poll : 94502073867_PollReport (20).csv added.
INFO:root:Poll : 94502073867_PollReport (21).csv added.
INFO:root:Poll : 94502073867_PollReport (22).csv added.
INFO:root:Poll : 94502073867_PollReport (3).csv added.
INFO:root:Poll : 94502073867_PollReport (5).csv added.
INFO:root:Poll : 94502073867_PollReport (7).csv added.
INFO:root:Poll : 94502073867_PollReport (8).csv added.
INFO:root:Poll : 94502073867_PollReport (9).csv added.
INFO:root:Poll : 94502073867_PollReport_18-01-2021.csv added.
INFO:root:Poll : 94502073867_PollReport_19-10-2020.csv added.
INFO:root:Poll : 94502073867_PollReport_26-10-2020.csv added.
INFO:root:Poll : 97056655049_PollReport (1).csv added.
INFO:root:Poll : 97056655049_PollReport (10).csv added.
INFO:root:Poll : 97056655049_PollReport (15).csv added.
INFO:root:Poll : 97056655049_PollReport (16).csv added.
INFO:root:Poll : 97056655049_PollReport (23).csv added.
INFO:root:Poll : 97056655049_PollReport (27).csv added.
INFO:root:Poll : 97056655049_PollReport (28).csv added.
INFO:root:Poll : 97056655049_PollReport (3).csv added.
INFO:root:Poll : 97056655049_PollReport (4).csv added.
INFO:root:Poll : 97056655049_PollReport (6).csv added.
INFO:root:Poll : 97056655049_PollReport_12-01-2021.csv added.
INFO:root:Poll : 97056655049_PollReport_20-10-2020.csv added.
